[2026-04-16T22:39:40.179+0000] {manager.py:483} INFO - Processing files using up to 2 processes at a time 
[2026-04-16T22:39:40.181+0000] {manager.py:484} INFO - Process each file at most once every 30 seconds
[2026-04-16T22:39:40.184+0000] {manager.py:485} INFO - Checking for new files in /opt/airflow/dags every 300 seconds
[2026-04-16T22:39:40.187+0000] {manager.py:821} INFO - Searching for files in /opt/airflow/dags
[2026-04-16T22:39:40.217+0000] {manager.py:824} INFO - There are 1 files in /opt/airflow/dags
[2026-04-16T22:39:40.372+0000] {manager.py:997} INFO - 
================================================================================
DAG File Processing Stats

File Path                                         PID  Runtime      # DAGs    # Errors  Last Runtime    Last Run      Last # of DB Queries
----------------------------------------------  -----  ---------  --------  ----------  --------------  ----------  ----------------------
/opt/airflow/dags/daily_agro_batch_pipeline.py    191  0.02s             0           0                                                   0
================================================================================
[2026-04-16T22:40:10.657+0000] {manager.py:997} INFO - 
================================================================================
DAG File Processing Stats

File Path                                       PID    Runtime      # DAGs    # Errors  Last Runtime    Last Run               Last # of DB Queries
----------------------------------------------  -----  ---------  --------  ----------  --------------  -------------------  ----------------------
/opt/airflow/dags/daily_agro_batch_pipeline.py                           1           0  0.60s           2026-04-16T22:39:40                      45
================================================================================
[2026-04-16T22:40:40.701+0000] {manager.py:997} INFO - 
================================================================================
DAG File Processing Stats

File Path                                       PID    Runtime      # DAGs    # Errors  Last Runtime    Last Run               Last # of DB Queries
----------------------------------------------  -----  ---------  --------  ----------  --------------  -------------------  ----------------------
/opt/airflow/dags/daily_agro_batch_pipeline.py                           1           0  0.24s           2026-04-16T22:40:11                      12
================================================================================
[2026-04-16T22:41:10.973+0000] {manager.py:997} INFO - 
================================================================================
DAG File Processing Stats

File Path                                       PID    Runtime      # DAGs    # Errors  Last Runtime    Last Run               Last # of DB Queries
----------------------------------------------  -----  ---------  --------  ----------  --------------  -------------------  ----------------------
/opt/airflow/dags/daily_agro_batch_pipeline.py                           1           0  0.25s           2026-04-16T22:40:41                      12
================================================================================
[2026-04-16T22:41:41.221+0000] {manager.py:997} INFO - 
================================================================================
DAG File Processing Stats

File Path                                       PID    Runtime      # DAGs    # Errors  Last Runtime    Last Run               Last # of DB Queries
----------------------------------------------  -----  ---------  --------  ----------  --------------  -------------------  ----------------------
/opt/airflow/dags/daily_agro_batch_pipeline.py                           1           0  0.21s           2026-04-16T22:41:12                      12
================================================================================
[2026-04-16T22:42:11.668+0000] {manager.py:997} INFO - 
================================================================================
DAG File Processing Stats

File Path                                       PID    Runtime      # DAGs    # Errors  Last Runtime    Last Run               Last # of DB Queries
----------------------------------------------  -----  ---------  --------  ----------  --------------  -------------------  ----------------------
/opt/airflow/dags/daily_agro_batch_pipeline.py                           1           0  0.26s           2026-04-16T22:41:42                      12
================================================================================
[2026-04-16T22:42:42.094+0000] {manager.py:997} INFO - 
================================================================================
DAG File Processing Stats

File Path                                       PID    Runtime      # DAGs    # Errors  Last Runtime    Last Run               Last # of DB Queries
----------------------------------------------  -----  ---------  --------  ----------  --------------  -------------------  ----------------------
/opt/airflow/dags/daily_agro_batch_pipeline.py                           1           0  0.24s           2026-04-16T22:42:12                      12
================================================================================
[2026-04-16T22:43:12.616+0000] {manager.py:997} INFO - 
================================================================================
DAG File Processing Stats

File Path                                       PID    Runtime      # DAGs    # Errors  Last Runtime    Last Run               Last # of DB Queries
----------------------------------------------  -----  ---------  --------  ----------  --------------  -------------------  ----------------------
/opt/airflow/dags/daily_agro_batch_pipeline.py                           1           0  0.33s           2026-04-16T22:42:43                      12
================================================================================
[2026-04-16T22:43:43.184+0000] {manager.py:997} INFO - 
================================================================================
DAG File Processing Stats

File Path                                       PID    Runtime      # DAGs    # Errors  Last Runtime    Last Run               Last # of DB Queries
----------------------------------------------  -----  ---------  --------  ----------  --------------  -------------------  ----------------------
/opt/airflow/dags/daily_agro_batch_pipeline.py                           1           0  0.47s           2026-04-16T22:43:14                      12
================================================================================
[2026-04-16T22:44:13.558+0000] {manager.py:997} INFO - 
================================================================================
DAG File Processing Stats

File Path                                       PID    Runtime      # DAGs    # Errors  Last Runtime    Last Run               Last # of DB Queries
----------------------------------------------  -----  ---------  --------  ----------  --------------  -------------------  ----------------------
/opt/airflow/dags/daily_agro_batch_pipeline.py                           1           0  0.25s           2026-04-16T22:43:44                      12
================================================================================
[2026-04-16T22:44:40.244+0000] {manager.py:821} INFO - Searching for files in /opt/airflow/dags
[2026-04-16T22:44:40.339+0000] {manager.py:824} INFO - There are 1 files in /opt/airflow/dags
[2026-04-16T22:44:44.184+0000] {manager.py:997} INFO - 
================================================================================
DAG File Processing Stats

File Path                                       PID    Runtime      # DAGs    # Errors  Last Runtime    Last Run               Last # of DB Queries
----------------------------------------------  -----  ---------  --------  ----------  --------------  -------------------  ----------------------
/opt/airflow/dags/daily_agro_batch_pipeline.py                           1           0  0.33s           2026-04-16T22:44:14                      12
================================================================================
[2026-04-16T22:45:14.830+0000] {manager.py:997} INFO - 
================================================================================
DAG File Processing Stats

File Path                                       PID    Runtime      # DAGs    # Errors  Last Runtime    Last Run               Last # of DB Queries
----------------------------------------------  -----  ---------  --------  ----------  --------------  -------------------  ----------------------
/opt/airflow/dags/daily_agro_batch_pipeline.py                           1           0  0.31s           2026-04-16T22:44:45                      12
================================================================================
[2026-04-16T22:45:45.239+0000] {manager.py:997} INFO - 
================================================================================
DAG File Processing Stats

File Path                                       PID    Runtime      # DAGs    # Errors  Last Runtime    Last Run               Last # of DB Queries
----------------------------------------------  -----  ---------  --------  ----------  --------------  -------------------  ----------------------
/opt/airflow/dags/daily_agro_batch_pipeline.py                           1           0  0.36s           2026-04-16T22:45:16                      12
================================================================================
[2026-04-16T22:46:15.784+0000] {manager.py:997} INFO - 
================================================================================
DAG File Processing Stats

File Path                                       PID    Runtime      # DAGs    # Errors  Last Runtime    Last Run               Last # of DB Queries
----------------------------------------------  -----  ---------  --------  ----------  --------------  -------------------  ----------------------
/opt/airflow/dags/daily_agro_batch_pipeline.py                           1           0  0.32s           2026-04-16T22:45:46                      12
================================================================================
[2026-04-16T22:46:46.354+0000] {manager.py:997} INFO - 
================================================================================
DAG File Processing Stats

File Path                                       PID    Runtime      # DAGs    # Errors  Last Runtime    Last Run               Last # of DB Queries
----------------------------------------------  -----  ---------  --------  ----------  --------------  -------------------  ----------------------
/opt/airflow/dags/daily_agro_batch_pipeline.py                           1           0  0.26s           2026-04-16T22:46:17                      12
================================================================================
[2026-04-16T22:47:16.831+0000] {manager.py:997} INFO - 
================================================================================
DAG File Processing Stats

File Path                                       PID    Runtime      # DAGs    # Errors  Last Runtime    Last Run               Last # of DB Queries
----------------------------------------------  -----  ---------  --------  ----------  --------------  -------------------  ----------------------
/opt/airflow/dags/daily_agro_batch_pipeline.py                           1           0  0.25s           2026-04-16T22:46:47                      12
================================================================================
[2026-04-16T22:47:47.323+0000] {manager.py:997} INFO - 
================================================================================
DAG File Processing Stats

File Path                                       PID    Runtime      # DAGs    # Errors  Last Runtime    Last Run               Last # of DB Queries
----------------------------------------------  -----  ---------  --------  ----------  --------------  -------------------  ----------------------
/opt/airflow/dags/daily_agro_batch_pipeline.py                           1           0  0.27s           2026-04-16T22:47:18                      12
================================================================================
[2026-04-16T22:48:17.845+0000] {manager.py:997} INFO - 
================================================================================
DAG File Processing Stats

File Path                                       PID    Runtime      # DAGs    # Errors  Last Runtime    Last Run               Last # of DB Queries
----------------------------------------------  -----  ---------  --------  ----------  --------------  -------------------  ----------------------
/opt/airflow/dags/daily_agro_batch_pipeline.py                           1           0  0.23s           2026-04-16T22:47:48                      12
================================================================================
[2026-04-16T22:48:48.310+0000] {manager.py:997} INFO - 
================================================================================
DAG File Processing Stats

File Path                                       PID    Runtime      # DAGs    # Errors  Last Runtime    Last Run               Last # of DB Queries
----------------------------------------------  -----  ---------  --------  ----------  --------------  -------------------  ----------------------
/opt/airflow/dags/daily_agro_batch_pipeline.py                           1           0  0.24s           2026-04-16T22:48:19                      12
================================================================================
[2026-04-16T22:49:18.597+0000] {manager.py:997} INFO - 
================================================================================
DAG File Processing Stats

File Path                                       PID    Runtime      # DAGs    # Errors  Last Runtime    Last Run               Last # of DB Queries
----------------------------------------------  -----  ---------  --------  ----------  --------------  -------------------  ----------------------
/opt/airflow/dags/daily_agro_batch_pipeline.py                           1           0  0.24s           2026-04-16T22:48:49                      12
================================================================================
[2026-04-16T22:49:41.010+0000] {manager.py:821} INFO - Searching for files in /opt/airflow/dags
[2026-04-16T22:49:41.058+0000] {manager.py:824} INFO - There are 1 files in /opt/airflow/dags
[2026-04-16T22:49:49.134+0000] {manager.py:997} INFO - 
================================================================================
DAG File Processing Stats

File Path                                       PID    Runtime      # DAGs    # Errors  Last Runtime    Last Run               Last # of DB Queries
----------------------------------------------  -----  ---------  --------  ----------  --------------  -------------------  ----------------------
/opt/airflow/dags/daily_agro_batch_pipeline.py                           1           0  0.24s           2026-04-16T22:49:19                      12
================================================================================
[2026-04-16T22:50:19.424+0000] {manager.py:997} INFO - 
================================================================================
DAG File Processing Stats

File Path                                       PID    Runtime      # DAGs    # Errors  Last Runtime    Last Run               Last # of DB Queries
----------------------------------------------  -----  ---------  --------  ----------  --------------  -------------------  ----------------------
/opt/airflow/dags/daily_agro_batch_pipeline.py                           1           0  0.32s           2026-04-16T22:49:50                      12
================================================================================
[2026-04-16T22:50:49.976+0000] {manager.py:997} INFO - 
================================================================================
DAG File Processing Stats

File Path                                       PID    Runtime      # DAGs    # Errors  Last Runtime    Last Run               Last # of DB Queries
----------------------------------------------  -----  ---------  --------  ----------  --------------  -------------------  ----------------------
/opt/airflow/dags/daily_agro_batch_pipeline.py                           1           0  0.23s           2026-04-16T22:50:20                      12
================================================================================
[2026-04-16T22:51:20.238+0000] {manager.py:997} INFO - 
================================================================================
DAG File Processing Stats

File Path                                       PID    Runtime      # DAGs    # Errors  Last Runtime    Last Run               Last # of DB Queries
----------------------------------------------  -----  ---------  --------  ----------  --------------  -------------------  ----------------------
/opt/airflow/dags/daily_agro_batch_pipeline.py                           1           0  0.19s           2026-04-16T22:50:51                      12
================================================================================
[2026-04-16T22:51:50.645+0000] {manager.py:997} INFO - 
================================================================================
DAG File Processing Stats

File Path                                       PID    Runtime      # DAGs    # Errors  Last Runtime    Last Run               Last # of DB Queries
----------------------------------------------  -----  ---------  --------  ----------  --------------  -------------------  ----------------------
/opt/airflow/dags/daily_agro_batch_pipeline.py                           1           0  0.25s           2026-04-16T22:51:21                      12
================================================================================
[2026-04-16T22:52:20.982+0000] {manager.py:997} INFO - 
================================================================================
DAG File Processing Stats

File Path                                       PID    Runtime      # DAGs    # Errors  Last Runtime    Last Run               Last # of DB Queries
----------------------------------------------  -----  ---------  --------  ----------  --------------  -------------------  ----------------------
/opt/airflow/dags/daily_agro_batch_pipeline.py                           1           0  0.22s           2026-04-16T22:51:51                      12
================================================================================
[2026-04-16T22:52:51.340+0000] {manager.py:997} INFO - 
================================================================================
DAG File Processing Stats

File Path                                       PID    Runtime      # DAGs    # Errors  Last Runtime    Last Run               Last # of DB Queries
----------------------------------------------  -----  ---------  --------  ----------  --------------  -------------------  ----------------------
/opt/airflow/dags/daily_agro_batch_pipeline.py                           1           0  0.23s           2026-04-16T22:52:22                      12
================================================================================
[2026-04-16T22:53:21.726+0000] {manager.py:997} INFO - 
================================================================================
DAG File Processing Stats

File Path                                       PID    Runtime      # DAGs    # Errors  Last Runtime    Last Run               Last # of DB Queries
----------------------------------------------  -----  ---------  --------  ----------  --------------  -------------------  ----------------------
/opt/airflow/dags/daily_agro_batch_pipeline.py                           1           0  0.21s           2026-04-16T22:52:52                      12
================================================================================
[2026-04-16T22:53:52.227+0000] {manager.py:997} INFO - 
================================================================================
DAG File Processing Stats

File Path                                       PID    Runtime      # DAGs    # Errors  Last Runtime    Last Run               Last # of DB Queries
----------------------------------------------  -----  ---------  --------  ----------  --------------  -------------------  ----------------------
/opt/airflow/dags/daily_agro_batch_pipeline.py                           1           0  0.39s           2026-04-16T22:53:23                      12
================================================================================
[2026-04-16T22:54:22.725+0000] {manager.py:997} INFO - 
================================================================================
DAG File Processing Stats

File Path                                       PID    Runtime      # DAGs    # Errors  Last Runtime    Last Run               Last # of DB Queries
----------------------------------------------  -----  ---------  --------  ----------  --------------  -------------------  ----------------------
/opt/airflow/dags/daily_agro_batch_pipeline.py                           1           0  0.32s           2026-04-16T22:53:53                      12
================================================================================
[2026-04-16T22:54:41.302+0000] {manager.py:821} INFO - Searching for files in /opt/airflow/dags
[2026-04-16T22:54:41.389+0000] {manager.py:824} INFO - There are 1 files in /opt/airflow/dags
[2026-04-16T22:54:52.738+0000] {manager.py:997} INFO - 
================================================================================
DAG File Processing Stats

File Path                                       PID    Runtime      # DAGs    # Errors  Last Runtime    Last Run               Last # of DB Queries
----------------------------------------------  -----  ---------  --------  ----------  --------------  -------------------  ----------------------
/opt/airflow/dags/daily_agro_batch_pipeline.py                           1           0  0.55s           2026-04-16T22:54:24                      12
================================================================================
[2026-04-16T22:55:23.125+0000] {manager.py:997} INFO - 
================================================================================
DAG File Processing Stats

File Path                                       PID    Runtime      # DAGs    # Errors  Last Runtime    Last Run               Last # of DB Queries
----------------------------------------------  -----  ---------  --------  ----------  --------------  -------------------  ----------------------
/opt/airflow/dags/daily_agro_batch_pipeline.py                           1           0  0.35s           2026-04-16T22:54:55                      12
================================================================================
[2026-04-16T22:55:53.785+0000] {manager.py:997} INFO - 
================================================================================
DAG File Processing Stats

File Path                                       PID    Runtime      # DAGs    # Errors  Last Runtime    Last Run               Last # of DB Queries
----------------------------------------------  -----  ---------  --------  ----------  --------------  -------------------  ----------------------
/opt/airflow/dags/daily_agro_batch_pipeline.py                           1           0  0.44s           2026-04-16T22:55:25                      12
================================================================================
[2026-04-16T22:56:24.222+0000] {manager.py:997} INFO - 
================================================================================
DAG File Processing Stats

File Path                                       PID    Runtime      # DAGs    # Errors  Last Runtime    Last Run               Last # of DB Queries
----------------------------------------------  -----  ---------  --------  ----------  --------------  -------------------  ----------------------
/opt/airflow/dags/daily_agro_batch_pipeline.py                           1           0  0.29s           2026-04-16T22:55:56                      12
================================================================================
[2026-04-16T22:56:54.568+0000] {manager.py:997} INFO - 
================================================================================
DAG File Processing Stats

File Path                                       PID    Runtime      # DAGs    # Errors  Last Runtime    Last Run               Last # of DB Queries
----------------------------------------------  -----  ---------  --------  ----------  --------------  -------------------  ----------------------
/opt/airflow/dags/daily_agro_batch_pipeline.py                           1           0  0.22s           2026-04-16T22:56:26                      12
================================================================================
[2026-04-16T22:57:24.942+0000] {manager.py:997} INFO - 
================================================================================
DAG File Processing Stats

File Path                                       PID    Runtime      # DAGs    # Errors  Last Runtime    Last Run               Last # of DB Queries
----------------------------------------------  -----  ---------  --------  ----------  --------------  -------------------  ----------------------
/opt/airflow/dags/daily_agro_batch_pipeline.py                           1           0  0.22s           2026-04-16T22:56:56                      12
================================================================================
[2026-04-16T22:57:55.278+0000] {manager.py:997} INFO - 
================================================================================
DAG File Processing Stats

File Path                                       PID    Runtime      # DAGs    # Errors  Last Runtime    Last Run               Last # of DB Queries
----------------------------------------------  -----  ---------  --------  ----------  --------------  -------------------  ----------------------
/opt/airflow/dags/daily_agro_batch_pipeline.py                           1           0  0.22s           2026-04-16T22:57:27                      12
================================================================================
[2026-04-16T22:58:25.671+0000] {manager.py:997} INFO - 
================================================================================
DAG File Processing Stats

File Path                                       PID    Runtime      # DAGs    # Errors  Last Runtime    Last Run               Last # of DB Queries
----------------------------------------------  -----  ---------  --------  ----------  --------------  -------------------  ----------------------
/opt/airflow/dags/daily_agro_batch_pipeline.py                           1           0  0.27s           2026-04-16T22:57:57                      12
================================================================================
[2026-04-16T22:58:56.043+0000] {manager.py:997} INFO - 
================================================================================
DAG File Processing Stats

File Path                                       PID    Runtime      # DAGs    # Errors  Last Runtime    Last Run               Last # of DB Queries
----------------------------------------------  -----  ---------  --------  ----------  --------------  -------------------  ----------------------
/opt/airflow/dags/daily_agro_batch_pipeline.py                           1           0  0.40s           2026-04-16T22:58:28                      12
================================================================================
[2026-04-16T22:59:25.880+0000] {manager.py:465} INFO - Exiting gracefully upon receiving signal 15
[2026-04-16T23:00:13.474+0000] {manager.py:483} INFO - Processing files using up to 2 processes at a time 
[2026-04-16T23:00:13.476+0000] {manager.py:484} INFO - Process each file at most once every 30 seconds
[2026-04-16T23:00:13.478+0000] {manager.py:485} INFO - Checking for new files in /opt/airflow/dags every 300 seconds
[2026-04-16T23:00:13.479+0000] {manager.py:821} INFO - Searching for files in /opt/airflow/dags
[2026-04-16T23:00:13.543+0000] {manager.py:824} INFO - There are 2 files in /opt/airflow/dags
[2026-04-16T23:00:13.818+0000] {manager.py:997} INFO - 
================================================================================
DAG File Processing Stats

File Path                                         PID  Runtime      # DAGs    # Errors  Last Runtime    Last Run      Last # of DB Queries
----------------------------------------------  -----  ---------  --------  ----------  --------------  ----------  ----------------------
/opt/airflow/dags/daily_agro_batch_pipeline.py    195  0.02s             0           0                                                   0
/opt/airflow/dags/daily_agro_data_quality.py      192  0.13s             0           0                                                   0
================================================================================
[2026-04-16T23:00:44.855+0000] {manager.py:997} INFO - 
================================================================================
DAG File Processing Stats

File Path                                         PID  Runtime      # DAGs    # Errors  Last Runtime    Last Run               Last # of DB Queries
----------------------------------------------  -----  ---------  --------  ----------  --------------  -------------------  ----------------------
/opt/airflow/dags/daily_agro_data_quality.py      206  0.07s             1           0  0.57s           2026-04-16T23:00:14                      45
/opt/airflow/dags/daily_agro_batch_pipeline.py    209  0.00s             1           0  0.40s           2026-04-16T23:00:14                      12
================================================================================
[2026-04-16T23:01:15.824+0000] {manager.py:997} INFO - 
================================================================================
DAG File Processing Stats

File Path                                         PID  Runtime      # DAGs    # Errors  Last Runtime    Last Run               Last # of DB Queries
----------------------------------------------  -----  ---------  --------  ----------  --------------  -------------------  ----------------------
/opt/airflow/dags/daily_agro_batch_pipeline.py    221  0.00s             1           0  0.35s           2026-04-16T23:00:45                      12
/opt/airflow/dags/daily_agro_data_quality.py      218  0.06s             1           0  0.34s           2026-04-16T23:00:45                      12
================================================================================
[2026-04-16T23:01:46.658+0000] {manager.py:997} INFO - 
================================================================================
DAG File Processing Stats

File Path                                         PID  Runtime      # DAGs    # Errors  Last Runtime    Last Run               Last # of DB Queries
----------------------------------------------  -----  ---------  --------  ----------  --------------  -------------------  ----------------------
/opt/airflow/dags/daily_agro_data_quality.py      228  0.02s             1           0  0.29s           2026-04-16T23:01:16                      12
/opt/airflow/dags/daily_agro_batch_pipeline.py    231  0.00s             1           0  0.29s           2026-04-16T23:01:16                      12
================================================================================
[2026-04-16T23:02:17.237+0000] {manager.py:997} INFO - 
================================================================================
DAG File Processing Stats

File Path                                         PID  Runtime      # DAGs    # Errors  Last Runtime    Last Run               Last # of DB Queries
----------------------------------------------  -----  ---------  --------  ----------  --------------  -------------------  ----------------------
/opt/airflow/dags/daily_agro_batch_pipeline.py    241  0.00s             1           0  0.23s           2026-04-16T23:01:46                      12
/opt/airflow/dags/daily_agro_data_quality.py      238  0.03s             1           0  0.20s           2026-04-16T23:01:46                      12
================================================================================
[2026-04-16T23:02:47.756+0000] {manager.py:997} INFO - 
================================================================================
DAG File Processing Stats

File Path                                         PID  Runtime      # DAGs    # Errors  Last Runtime    Last Run               Last # of DB Queries
----------------------------------------------  -----  ---------  --------  ----------  --------------  -------------------  ----------------------
/opt/airflow/dags/daily_agro_batch_pipeline.py    251  0.00s             1           0  0.23s           2026-04-16T23:02:17                      12
/opt/airflow/dags/daily_agro_data_quality.py      248  0.02s             1           0  0.21s           2026-04-16T23:02:17                      12
================================================================================
[2026-04-16T23:03:18.262+0000] {manager.py:997} INFO - 
================================================================================
DAG File Processing Stats

File Path                                         PID  Runtime      # DAGs    # Errors  Last Runtime    Last Run               Last # of DB Queries
----------------------------------------------  -----  ---------  --------  ----------  --------------  -------------------  ----------------------
/opt/airflow/dags/daily_agro_batch_pipeline.py    261  0.00s             1           0  0.19s           2026-04-16T23:02:47                      12
/opt/airflow/dags/daily_agro_data_quality.py      258  0.02s             1           0  0.16s           2026-04-16T23:02:47                      12
================================================================================
[2026-04-16T23:03:48.883+0000] {manager.py:997} INFO - 
================================================================================
DAG File Processing Stats

File Path                                         PID  Runtime      # DAGs    # Errors  Last Runtime    Last Run               Last # of DB Queries
----------------------------------------------  -----  ---------  --------  ----------  --------------  -------------------  ----------------------
/opt/airflow/dags/daily_agro_batch_pipeline.py    271  0.01s             1           0  0.19s           2026-04-16T23:03:18                      12
/opt/airflow/dags/daily_agro_data_quality.py      268  0.07s             1           0  0.16s           2026-04-16T23:03:18                      12
================================================================================
[2026-04-16T23:04:19.793+0000] {manager.py:997} INFO - 
================================================================================
DAG File Processing Stats

File Path                                         PID  Runtime      # DAGs    # Errors  Last Runtime    Last Run               Last # of DB Queries
----------------------------------------------  -----  ---------  --------  ----------  --------------  -------------------  ----------------------
/opt/airflow/dags/daily_agro_data_quality.py      278  0.04s             1           0  0.34s           2026-04-16T23:03:49                      12
/opt/airflow/dags/daily_agro_batch_pipeline.py    281  0.00s             1           0  0.32s           2026-04-16T23:03:49                      12
================================================================================
[2026-04-16T23:04:50.810+0000] {manager.py:997} INFO - 
================================================================================
DAG File Processing Stats

File Path                                         PID  Runtime      # DAGs    # Errors  Last Runtime    Last Run               Last # of DB Queries
----------------------------------------------  -----  ---------  --------  ----------  --------------  -------------------  ----------------------
/opt/airflow/dags/daily_agro_batch_pipeline.py    291  0.01s             1           0  0.27s           2026-04-16T23:04:20                      12
/opt/airflow/dags/daily_agro_data_quality.py      288  0.08s             1           0  0.25s           2026-04-16T23:04:19                      12
================================================================================
[2026-04-16T23:05:14.365+0000] {manager.py:821} INFO - Searching for files in /opt/airflow/dags
[2026-04-16T23:05:14.449+0000] {manager.py:824} INFO - There are 2 files in /opt/airflow/dags
[2026-04-16T23:05:21.570+0000] {manager.py:997} INFO - 
================================================================================
DAG File Processing Stats

File Path                                         PID  Runtime      # DAGs    # Errors  Last Runtime    Last Run               Last # of DB Queries
----------------------------------------------  -----  ---------  --------  ----------  --------------  -------------------  ----------------------
/opt/airflow/dags/daily_agro_data_quality.py      298  0.02s             1           0  0.37s           2026-04-16T23:04:51                      12
/opt/airflow/dags/daily_agro_batch_pipeline.py    301  0.00s             1           0  0.35s           2026-04-16T23:04:51                      12
================================================================================
[2026-04-16T23:05:52.105+0000] {manager.py:997} INFO - 
================================================================================
DAG File Processing Stats

File Path                                         PID  Runtime      # DAGs    # Errors  Last Runtime    Last Run               Last # of DB Queries
----------------------------------------------  -----  ---------  --------  ----------  --------------  -------------------  ----------------------
/opt/airflow/dags/daily_agro_batch_pipeline.py    311  0.00s             1           0  0.21s           2026-04-16T23:05:21                      12
/opt/airflow/dags/daily_agro_data_quality.py      308  0.03s             1           0  0.17s           2026-04-16T23:05:21                      12
================================================================================
[2026-04-16T23:06:22.619+0000] {manager.py:997} INFO - 
================================================================================
DAG File Processing Stats

File Path                                         PID  Runtime      # DAGs    # Errors  Last Runtime    Last Run               Last # of DB Queries
----------------------------------------------  -----  ---------  --------  ----------  --------------  -------------------  ----------------------
/opt/airflow/dags/daily_agro_batch_pipeline.py    321  0.00s             1           0  0.20s           2026-04-16T23:05:52                      12
/opt/airflow/dags/daily_agro_data_quality.py      318  0.02s             1           0  0.18s           2026-04-16T23:05:52                      12
================================================================================
[2026-04-16T23:06:53.215+0000] {manager.py:997} INFO - 
================================================================================
DAG File Processing Stats

File Path                                         PID  Runtime      # DAGs    # Errors  Last Runtime    Last Run               Last # of DB Queries
----------------------------------------------  -----  ---------  --------  ----------  --------------  -------------------  ----------------------
/opt/airflow/dags/daily_agro_batch_pipeline.py    331  0.00s             1           0  0.23s           2026-04-16T23:06:22                      12
/opt/airflow/dags/daily_agro_data_quality.py      328  0.02s             1           0  0.20s           2026-04-16T23:06:22                      12
================================================================================
[2026-04-16T23:07:23.763+0000] {manager.py:997} INFO - 
================================================================================
DAG File Processing Stats

File Path                                         PID  Runtime      # DAGs    # Errors  Last Runtime    Last Run               Last # of DB Queries
----------------------------------------------  -----  ---------  --------  ----------  --------------  -------------------  ----------------------
/opt/airflow/dags/daily_agro_batch_pipeline.py    341  0.00s             1           0  0.24s           2026-04-16T23:06:53                      12
/opt/airflow/dags/daily_agro_data_quality.py      338  0.02s             1           0  0.22s           2026-04-16T23:06:53                      12
================================================================================
[2026-04-16T23:07:54.306+0000] {manager.py:997} INFO - 
================================================================================
DAG File Processing Stats

File Path                                         PID  Runtime      # DAGs    # Errors  Last Runtime    Last Run               Last # of DB Queries
----------------------------------------------  -----  ---------  --------  ----------  --------------  -------------------  ----------------------
/opt/airflow/dags/daily_agro_batch_pipeline.py    351  0.00s             1           0  0.24s           2026-04-16T23:07:23                      12
/opt/airflow/dags/daily_agro_data_quality.py      348  0.03s             1           0  0.21s           2026-04-16T23:07:23                      12
================================================================================
[2026-04-16T23:08:24.851+0000] {manager.py:997} INFO - 
================================================================================
DAG File Processing Stats

File Path                                         PID  Runtime      # DAGs    # Errors  Last Runtime    Last Run               Last # of DB Queries
----------------------------------------------  -----  ---------  --------  ----------  --------------  -------------------  ----------------------
/opt/airflow/dags/daily_agro_batch_pipeline.py    361  0.00s             1           0  0.24s           2026-04-16T23:07:54                      12
/opt/airflow/dags/daily_agro_data_quality.py      358  0.02s             1           0  0.20s           2026-04-16T23:07:54                      12
================================================================================
[2026-04-16T23:08:55.366+0000] {manager.py:997} INFO - 
================================================================================
DAG File Processing Stats

File Path                                         PID  Runtime      # DAGs    # Errors  Last Runtime    Last Run               Last # of DB Queries
----------------------------------------------  -----  ---------  --------  ----------  --------------  -------------------  ----------------------
/opt/airflow/dags/daily_agro_batch_pipeline.py    371  0.00s             1           0  0.21s           2026-04-16T23:08:25                      12
/opt/airflow/dags/daily_agro_data_quality.py      368  0.03s             1           0  0.19s           2026-04-16T23:08:25                      12
================================================================================
[2026-04-16T23:09:25.918+0000] {manager.py:997} INFO - 
================================================================================
DAG File Processing Stats

File Path                                         PID  Runtime      # DAGs    # Errors  Last Runtime    Last Run               Last # of DB Queries
----------------------------------------------  -----  ---------  --------  ----------  --------------  -------------------  ----------------------
/opt/airflow/dags/daily_agro_batch_pipeline.py    381  0.00s             1           0  0.22s           2026-04-16T23:08:55                      12
/opt/airflow/dags/daily_agro_data_quality.py      378  0.02s             1           0  0.21s           2026-04-16T23:08:55                      12
================================================================================
[2026-04-16T23:09:56.410+0000] {manager.py:997} INFO - 
================================================================================
DAG File Processing Stats

File Path                                         PID  Runtime      # DAGs    # Errors  Last Runtime    Last Run               Last # of DB Queries
----------------------------------------------  -----  ---------  --------  ----------  --------------  -------------------  ----------------------
/opt/airflow/dags/daily_agro_batch_pipeline.py                           1           0  0.44s           2026-04-16T23:09:35                      34
/opt/airflow/dags/daily_agro_data_quality.py      393  0.00s             1           0  0.15s           2026-04-16T23:09:26                      12
================================================================================
[2026-04-16T23:10:14.805+0000] {manager.py:821} INFO - Searching for files in /opt/airflow/dags
[2026-04-16T23:10:14.850+0000] {manager.py:824} INFO - There are 2 files in /opt/airflow/dags
[2026-04-16T23:10:24.991+0000] {manager.py:465} INFO - Exiting gracefully upon receiving signal 15
[2026-04-16T23:12:25.069+0000] {manager.py:483} INFO - Processing files using up to 2 processes at a time 
[2026-04-16T23:12:25.071+0000] {manager.py:484} INFO - Process each file at most once every 30 seconds
[2026-04-16T23:12:25.072+0000] {manager.py:485} INFO - Checking for new files in /opt/airflow/dags every 300 seconds
[2026-04-16T23:12:25.074+0000] {manager.py:821} INFO - Searching for files in /opt/airflow/dags
[2026-04-16T23:12:25.119+0000] {manager.py:824} INFO - There are 2 files in /opt/airflow/dags
[2026-04-16T23:12:25.316+0000] {manager.py:997} INFO - 
================================================================================
DAG File Processing Stats

File Path                                         PID  Runtime      # DAGs    # Errors  Last Runtime    Last Run      Last # of DB Queries
----------------------------------------------  -----  ---------  --------  ----------  --------------  ----------  ----------------------
/opt/airflow/dags/daily_agro_batch_pipeline.py    191  0.05s             0           0                                                   0
/opt/airflow/dags/daily_agro_data_quality.py      194  0.03s             0           0                                                   0
================================================================================
[2026-04-16T23:12:56.135+0000] {manager.py:997} INFO - 
================================================================================
DAG File Processing Stats

File Path                                         PID  Runtime      # DAGs    # Errors  Last Runtime    Last Run               Last # of DB Queries
----------------------------------------------  -----  ---------  --------  ----------  --------------  -------------------  ----------------------
/opt/airflow/dags/daily_agro_batch_pipeline.py    201  0.03s             1           0  0.34s           2026-04-16T23:12:25                      12
/opt/airflow/dags/daily_agro_data_quality.py      204  0.00s             1           0  0.26s           2026-04-16T23:12:25                      12
================================================================================
[2026-04-16T23:13:27.123+0000] {manager.py:997} INFO - 
================================================================================
DAG File Processing Stats

File Path                                         PID  Runtime      # DAGs    # Errors  Last Runtime    Last Run               Last # of DB Queries
----------------------------------------------  -----  ---------  --------  ----------  --------------  -------------------  ----------------------
/opt/airflow/dags/daily_agro_batch_pipeline.py    211  0.04s             1           0  0.36s           2026-04-16T23:12:56                      12
/opt/airflow/dags/daily_agro_data_quality.py      214  0.01s             1           0  0.31s           2026-04-16T23:12:56                      12
================================================================================
[2026-04-16T23:13:58.039+0000] {manager.py:997} INFO - 
================================================================================
DAG File Processing Stats

File Path                                         PID  Runtime      # DAGs    # Errors  Last Runtime    Last Run               Last # of DB Queries
----------------------------------------------  -----  ---------  --------  ----------  --------------  -------------------  ----------------------
/opt/airflow/dags/daily_agro_batch_pipeline.py    221  0.03s             1           0  0.33s           2026-04-16T23:13:27                      12
/opt/airflow/dags/daily_agro_data_quality.py      224  0.00s             1           0  0.28s           2026-04-16T23:13:27                      12
================================================================================
[2026-04-16T23:14:28.436+0000] {manager.py:997} INFO - 
================================================================================
DAG File Processing Stats

File Path                                         PID  Runtime      # DAGs    # Errors  Last Runtime    Last Run               Last # of DB Queries
----------------------------------------------  -----  ---------  --------  ----------  --------------  -------------------  ----------------------
/opt/airflow/dags/daily_agro_batch_pipeline.py    231  0.03s             1           0  0.37s           2026-04-16T23:13:58                      12
/opt/airflow/dags/daily_agro_data_quality.py      234  0.00s             1           0  0.32s           2026-04-16T23:13:58                      12
================================================================================
[2026-04-16T23:14:59.040+0000] {manager.py:997} INFO - 
================================================================================
DAG File Processing Stats

File Path                                         PID  Runtime      # DAGs    # Errors  Last Runtime    Last Run               Last # of DB Queries
----------------------------------------------  -----  ---------  --------  ----------  --------------  -------------------  ----------------------
/opt/airflow/dags/daily_agro_batch_pipeline.py    241  0.02s             1           0  0.27s           2026-04-16T23:14:28                      12
/opt/airflow/dags/daily_agro_data_quality.py      244  0.00s             1           0  0.22s           2026-04-16T23:14:28                      12
================================================================================
[2026-04-16T23:15:29.715+0000] {manager.py:997} INFO - 
================================================================================
DAG File Processing Stats

File Path                                         PID  Runtime      # DAGs    # Errors  Last Runtime    Last Run               Last # of DB Queries
----------------------------------------------  -----  ---------  --------  ----------  --------------  -------------------  ----------------------
/opt/airflow/dags/daily_agro_batch_pipeline.py    251  0.02s             1           0  0.27s           2026-04-16T23:14:59                      12
/opt/airflow/dags/daily_agro_data_quality.py      254  0.00s             1           0  0.21s           2026-04-16T23:14:59                      12
================================================================================
[2026-04-16T23:16:00.257+0000] {manager.py:997} INFO - 
================================================================================
DAG File Processing Stats

File Path                                         PID  Runtime      # DAGs    # Errors  Last Runtime    Last Run               Last # of DB Queries
----------------------------------------------  -----  ---------  --------  ----------  --------------  -------------------  ----------------------
/opt/airflow/dags/daily_agro_batch_pipeline.py    261  0.03s             1           0  0.23s           2026-04-16T23:15:29                      12
/opt/airflow/dags/daily_agro_data_quality.py      264  0.00s             1           0  0.18s           2026-04-16T23:15:29                      12
================================================================================
[2026-04-16T23:16:30.824+0000] {manager.py:997} INFO - 
================================================================================
DAG File Processing Stats

File Path                                         PID  Runtime      # DAGs    # Errors  Last Runtime    Last Run               Last # of DB Queries
----------------------------------------------  -----  ---------  --------  ----------  --------------  -------------------  ----------------------
/opt/airflow/dags/daily_agro_batch_pipeline.py    271  0.02s             1           0  0.25s           2026-04-16T23:16:00                      12
/opt/airflow/dags/daily_agro_data_quality.py      274  0.00s             1           0  0.20s           2026-04-16T23:16:00                      12
================================================================================
[2026-04-16T23:17:01.347+0000] {manager.py:997} INFO - 
================================================================================
DAG File Processing Stats

File Path                                         PID  Runtime      # DAGs    # Errors  Last Runtime    Last Run               Last # of DB Queries
----------------------------------------------  -----  ---------  --------  ----------  --------------  -------------------  ----------------------
/opt/airflow/dags/daily_agro_batch_pipeline.py    281  0.02s             1           0  0.23s           2026-04-16T23:16:31                      12
/opt/airflow/dags/daily_agro_data_quality.py      284  0.00s             1           0  0.18s           2026-04-16T23:16:30                      12
================================================================================
[2026-04-16T23:17:25.839+0000] {manager.py:821} INFO - Searching for files in /opt/airflow/dags
[2026-04-16T23:17:25.942+0000] {manager.py:824} INFO - There are 2 files in /opt/airflow/dags
[2026-04-16T23:17:32.064+0000] {manager.py:997} INFO - 
================================================================================
DAG File Processing Stats

File Path                                         PID  Runtime      # DAGs    # Errors  Last Runtime    Last Run               Last # of DB Queries
----------------------------------------------  -----  ---------  --------  ----------  --------------  -------------------  ----------------------
/opt/airflow/dags/daily_agro_batch_pipeline.py    291  0.02s             1           0  0.26s           2026-04-16T23:17:01                      12
/opt/airflow/dags/daily_agro_data_quality.py      294  0.00s             1           0  0.21s           2026-04-16T23:17:01                      12
================================================================================
[2026-04-16T23:18:02.569+0000] {manager.py:997} INFO - 
================================================================================
DAG File Processing Stats

File Path                                         PID  Runtime      # DAGs    # Errors  Last Runtime    Last Run               Last # of DB Queries
----------------------------------------------  -----  ---------  --------  ----------  --------------  -------------------  ----------------------
/opt/airflow/dags/daily_agro_batch_pipeline.py    301  0.02s             1           0  0.23s           2026-04-16T23:17:32                      12
/opt/airflow/dags/daily_agro_data_quality.py      304  0.00s             1           0  0.17s           2026-04-16T23:17:32                      12
================================================================================
[2026-04-16T23:18:33.101+0000] {manager.py:997} INFO - 
================================================================================
DAG File Processing Stats

File Path                                         PID  Runtime      # DAGs    # Errors  Last Runtime    Last Run               Last # of DB Queries
----------------------------------------------  -----  ---------  --------  ----------  --------------  -------------------  ----------------------
/opt/airflow/dags/daily_agro_batch_pipeline.py    311  0.02s             1           0  0.25s           2026-04-16T23:18:02                      12
/opt/airflow/dags/daily_agro_data_quality.py      314  0.00s             1           0  0.19s           2026-04-16T23:18:02                      12
================================================================================
[2026-04-16T23:19:03.619+0000] {manager.py:997} INFO - 
================================================================================
DAG File Processing Stats

File Path                                         PID  Runtime      # DAGs    # Errors  Last Runtime    Last Run               Last # of DB Queries
----------------------------------------------  -----  ---------  --------  ----------  --------------  -------------------  ----------------------
/opt/airflow/dags/daily_agro_batch_pipeline.py    321  0.02s             1           0  0.23s           2026-04-16T23:18:33                      12
/opt/airflow/dags/daily_agro_data_quality.py      324  0.00s             1           0  0.18s           2026-04-16T23:18:33                      12
================================================================================
[2026-04-16T23:19:34.154+0000] {manager.py:997} INFO - 
================================================================================
DAG File Processing Stats

File Path                                         PID  Runtime      # DAGs    # Errors  Last Runtime    Last Run               Last # of DB Queries
----------------------------------------------  -----  ---------  --------  ----------  --------------  -------------------  ----------------------
/opt/airflow/dags/daily_agro_batch_pipeline.py    331  0.03s             1           0  0.23s           2026-04-16T23:19:03                      12
/opt/airflow/dags/daily_agro_data_quality.py      334  0.00s             1           0  0.16s           2026-04-16T23:19:03                      12
================================================================================
[2026-04-16T23:20:04.683+0000] {manager.py:997} INFO - 
================================================================================
DAG File Processing Stats

File Path                                         PID  Runtime      # DAGs    # Errors  Last Runtime    Last Run               Last # of DB Queries
----------------------------------------------  -----  ---------  --------  ----------  --------------  -------------------  ----------------------
/opt/airflow/dags/daily_agro_batch_pipeline.py    341  0.02s             1           0  0.25s           2026-04-16T23:19:34                      12
/opt/airflow/dags/daily_agro_data_quality.py      344  0.00s             1           0  0.19s           2026-04-16T23:19:34                      12
================================================================================
[2026-04-16T23:20:35.220+0000] {manager.py:997} INFO - 
================================================================================
DAG File Processing Stats

File Path                                         PID  Runtime      # DAGs    # Errors  Last Runtime    Last Run               Last # of DB Queries
----------------------------------------------  -----  ---------  --------  ----------  --------------  -------------------  ----------------------
/opt/airflow/dags/daily_agro_batch_pipeline.py    351  0.02s             1           0  0.22s           2026-04-16T23:20:04                      12
/opt/airflow/dags/daily_agro_data_quality.py      354  0.00s             1           0  0.17s           2026-04-16T23:20:04                      12
================================================================================
[2026-04-16T23:21:05.788+0000] {manager.py:997} INFO - 
================================================================================
DAG File Processing Stats

File Path                                         PID  Runtime      # DAGs    # Errors  Last Runtime    Last Run               Last # of DB Queries
----------------------------------------------  -----  ---------  --------  ----------  --------------  -------------------  ----------------------
/opt/airflow/dags/daily_agro_batch_pipeline.py    361  0.02s             1           0  0.23s           2026-04-16T23:20:35                      12
/opt/airflow/dags/daily_agro_data_quality.py      364  0.00s             1           0  0.17s           2026-04-16T23:20:35                      12
================================================================================
[2026-04-16T23:21:36.344+0000] {manager.py:997} INFO - 
================================================================================
DAG File Processing Stats

File Path                                         PID  Runtime      # DAGs    # Errors  Last Runtime    Last Run               Last # of DB Queries
----------------------------------------------  -----  ---------  --------  ----------  --------------  -------------------  ----------------------
/opt/airflow/dags/daily_agro_batch_pipeline.py    371  0.03s             1           0  0.24s           2026-04-16T23:21:06                      12
/opt/airflow/dags/daily_agro_data_quality.py      374  0.00s             1           0  0.19s           2026-04-16T23:21:05                      12
================================================================================
[2026-04-16T23:22:06.719+0000] {manager.py:997} INFO - 
================================================================================
DAG File Processing Stats

File Path                                         PID  Runtime      # DAGs    # Errors  Last Runtime    Last Run               Last # of DB Queries
----------------------------------------------  -----  ---------  --------  ----------  --------------  -------------------  ----------------------
/opt/airflow/dags/daily_agro_batch_pipeline.py                           1           0  0.80s           2026-04-16T23:21:46                      34
/opt/airflow/dags/daily_agro_data_quality.py      386  0.00s             1           0  0.22s           2026-04-16T23:21:36                      12
================================================================================
[2026-04-16T23:22:26.039+0000] {manager.py:821} INFO - Searching for files in /opt/airflow/dags
[2026-04-16T23:22:26.140+0000] {manager.py:824} INFO - There are 2 files in /opt/airflow/dags
[2026-04-16T23:22:37.293+0000] {manager.py:997} INFO - 
================================================================================
DAG File Processing Stats

File Path                                         PID  Runtime      # DAGs    # Errors  Last Runtime    Last Run               Last # of DB Queries
----------------------------------------------  -----  ---------  --------  ----------  --------------  -------------------  ----------------------
/opt/airflow/dags/daily_agro_batch_pipeline.py                           1           0  0.55s           2026-04-16T23:22:17                      12
/opt/airflow/dags/daily_agro_data_quality.py      396  0.00s             1           0  0.17s           2026-04-16T23:22:06                      12
================================================================================
[2026-04-16T23:23:07.757+0000] {manager.py:997} INFO - 
================================================================================
DAG File Processing Stats

File Path                                         PID  Runtime      # DAGs    # Errors  Last Runtime    Last Run               Last # of DB Queries
----------------------------------------------  -----  ---------  --------  ----------  --------------  -------------------  ----------------------
/opt/airflow/dags/daily_agro_batch_pipeline.py                           1           0  0.49s           2026-04-16T23:22:47                      12
/opt/airflow/dags/daily_agro_data_quality.py      406  0.00s             1           0  0.16s           2026-04-16T23:22:37                      12
================================================================================
[2026-04-16T23:23:37.758+0000] {manager.py:997} INFO - 
================================================================================
DAG File Processing Stats

File Path                                       PID    Runtime      # DAGs    # Errors  Last Runtime    Last Run               Last # of DB Queries
----------------------------------------------  -----  ---------  --------  ----------  --------------  -------------------  ----------------------
/opt/airflow/dags/daily_agro_batch_pipeline.py                           1           0  0.38s           2026-04-16T23:23:18                      12
/opt/airflow/dags/daily_agro_data_quality.py                             1           0  0.30s           2026-04-16T23:23:08                      12
================================================================================
[2026-04-16T23:24:08.341+0000] {manager.py:997} INFO - 
================================================================================
DAG File Processing Stats

File Path                                       PID    Runtime      # DAGs    # Errors  Last Runtime    Last Run               Last # of DB Queries
----------------------------------------------  -----  ---------  --------  ----------  --------------  -------------------  ----------------------
/opt/airflow/dags/daily_agro_batch_pipeline.py                           1           0  0.52s           2026-04-16T23:24:05                      34
/opt/airflow/dags/daily_agro_data_quality.py                             1           0  0.19s           2026-04-16T23:23:38                      12
================================================================================
[2026-04-16T23:24:38.904+0000] {manager.py:997} INFO - 
================================================================================
DAG File Processing Stats

File Path                                       PID    Runtime      # DAGs    # Errors  Last Runtime    Last Run               Last # of DB Queries
----------------------------------------------  -----  ---------  --------  ----------  --------------  -------------------  ----------------------
/opt/airflow/dags/daily_agro_batch_pipeline.py                           1           0  0.23s           2026-04-16T23:24:36                      12
/opt/airflow/dags/daily_agro_data_quality.py                             1           0  0.19s           2026-04-16T23:24:09                      12
================================================================================
[2026-04-16T23:25:09.398+0000] {manager.py:997} INFO - 
================================================================================
DAG File Processing Stats

File Path                                       PID    Runtime      # DAGs    # Errors  Last Runtime    Last Run               Last # of DB Queries
----------------------------------------------  -----  ---------  --------  ----------  --------------  -------------------  ----------------------
/opt/airflow/dags/daily_agro_batch_pipeline.py                           1           0  0.24s           2026-04-16T23:25:06                      12
/opt/airflow/dags/daily_agro_data_quality.py                             1           0  0.15s           2026-04-16T23:24:40                      12
================================================================================
[2026-04-16T23:25:39.980+0000] {manager.py:997} INFO - 
================================================================================
DAG File Processing Stats

File Path                                       PID    Runtime      # DAGs    # Errors  Last Runtime    Last Run               Last # of DB Queries
----------------------------------------------  -----  ---------  --------  ----------  --------------  -------------------  ----------------------
/opt/airflow/dags/daily_agro_batch_pipeline.py                           1           0  0.25s           2026-04-16T23:25:36                      12
/opt/airflow/dags/daily_agro_data_quality.py                             1           0  0.18s           2026-04-16T23:25:10                      12
================================================================================
[2026-04-16T23:26:10.471+0000] {manager.py:997} INFO - 
================================================================================
DAG File Processing Stats

File Path                                       PID    Runtime      # DAGs    # Errors  Last Runtime    Last Run               Last # of DB Queries
----------------------------------------------  -----  ---------  --------  ----------  --------------  -------------------  ----------------------
/opt/airflow/dags/daily_agro_batch_pipeline.py                           1           0  0.22s           2026-04-16T23:26:07                      12
/opt/airflow/dags/daily_agro_data_quality.py                             1           0  0.17s           2026-04-16T23:25:41                      12
================================================================================
[2026-04-16T23:26:40.989+0000] {manager.py:997} INFO - 
================================================================================
DAG File Processing Stats

File Path                                       PID    Runtime      # DAGs    # Errors  Last Runtime    Last Run               Last # of DB Queries
----------------------------------------------  -----  ---------  --------  ----------  --------------  -------------------  ----------------------
/opt/airflow/dags/daily_agro_batch_pipeline.py                           1           0  0.26s           2026-04-16T23:26:38                      12
/opt/airflow/dags/daily_agro_data_quality.py                             1           0  0.18s           2026-04-16T23:26:11                      12
================================================================================
[2026-04-16T23:27:11.529+0000] {manager.py:997} INFO - 
================================================================================
DAG File Processing Stats

File Path                                       PID    Runtime      # DAGs    # Errors  Last Runtime    Last Run               Last # of DB Queries
----------------------------------------------  -----  ---------  --------  ----------  --------------  -------------------  ----------------------
/opt/airflow/dags/daily_agro_batch_pipeline.py                           1           0  0.22s           2026-04-16T23:27:08                      12
/opt/airflow/dags/daily_agro_data_quality.py                             1           0  0.20s           2026-04-16T23:26:42                      12
================================================================================
[2026-04-16T23:27:26.881+0000] {manager.py:821} INFO - Searching for files in /opt/airflow/dags
[2026-04-16T23:27:26.973+0000] {manager.py:824} INFO - There are 2 files in /opt/airflow/dags
[2026-04-16T23:27:42.172+0000] {manager.py:997} INFO - 
================================================================================
DAG File Processing Stats

File Path                                       PID    Runtime      # DAGs    # Errors  Last Runtime    Last Run               Last # of DB Queries
----------------------------------------------  -----  ---------  --------  ----------  --------------  -------------------  ----------------------
/opt/airflow/dags/daily_agro_batch_pipeline.py                           1           0  0.24s           2026-04-16T23:27:39                      12
/opt/airflow/dags/daily_agro_data_quality.py                             1           0  0.19s           2026-04-16T23:27:12                      12
================================================================================
[2026-04-16T23:28:12.185+0000] {manager.py:997} INFO - 
================================================================================
DAG File Processing Stats

File Path                                       PID    Runtime      # DAGs    # Errors  Last Runtime    Last Run               Last # of DB Queries
----------------------------------------------  -----  ---------  --------  ----------  --------------  -------------------  ----------------------
/opt/airflow/dags/daily_agro_batch_pipeline.py                           1           0  0.40s           2026-04-16T23:27:55                      34
/opt/airflow/dags/daily_agro_data_quality.py                             1           0  0.22s           2026-04-16T23:27:43                      12
================================================================================
[2026-04-16T23:28:42.280+0000] {manager.py:997} INFO - 
================================================================================
DAG File Processing Stats

File Path                                       PID    Runtime      # DAGs    # Errors  Last Runtime    Last Run               Last # of DB Queries
----------------------------------------------  -----  ---------  --------  ----------  --------------  -------------------  ----------------------
/opt/airflow/dags/daily_agro_batch_pipeline.py                           1           0  0.23s           2026-04-16T23:28:25                      12
/opt/airflow/dags/daily_agro_data_quality.py                             1           0  0.18s           2026-04-16T23:28:13                      12
================================================================================
[2026-04-16T23:29:12.828+0000] {manager.py:997} INFO - 
================================================================================
DAG File Processing Stats

File Path                                       PID    Runtime      # DAGs    # Errors  Last Runtime    Last Run               Last # of DB Queries
----------------------------------------------  -----  ---------  --------  ----------  --------------  -------------------  ----------------------
/opt/airflow/dags/daily_agro_batch_pipeline.py                           1           0  0.26s           2026-04-16T23:28:55                      12
/opt/airflow/dags/daily_agro_data_quality.py                             1           0  0.20s           2026-04-16T23:28:44                      12
================================================================================
[2026-04-16T23:29:26.555+0000] {manager.py:465} INFO - Exiting gracefully upon receiving signal 15
[2026-04-16T23:30:28.562+0000] {manager.py:483} INFO - Processing files using up to 2 processes at a time 
[2026-04-16T23:30:28.565+0000] {manager.py:484} INFO - Process each file at most once every 30 seconds
[2026-04-16T23:30:28.567+0000] {manager.py:485} INFO - Checking for new files in /opt/airflow/dags every 300 seconds
[2026-04-16T23:30:28.569+0000] {manager.py:821} INFO - Searching for files in /opt/airflow/dags
[2026-04-16T23:30:28.730+0000] {manager.py:824} INFO - There are 2 files in /opt/airflow/dags
[2026-04-16T23:30:28.963+0000] {manager.py:997} INFO - 
================================================================================
DAG File Processing Stats

File Path                                         PID  Runtime      # DAGs    # Errors  Last Runtime    Last Run      Last # of DB Queries
----------------------------------------------  -----  ---------  --------  ----------  --------------  ----------  ----------------------
/opt/airflow/dags/daily_agro_batch_pipeline.py    191  0.08s             0           0                                                   0
/opt/airflow/dags/daily_agro_data_quality.py      194  0.03s             0           0                                                   0
================================================================================
[2026-04-16T23:30:59.703+0000] {manager.py:997} INFO - 
================================================================================
DAG File Processing Stats

File Path                                         PID  Runtime      # DAGs    # Errors  Last Runtime    Last Run               Last # of DB Queries
----------------------------------------------  -----  ---------  --------  ----------  --------------  -------------------  ----------------------
/opt/airflow/dags/daily_agro_batch_pipeline.py    201  0.04s             1           0  0.24s           2026-04-16T23:30:29                      12
/opt/airflow/dags/daily_agro_data_quality.py      204  0.01s             1           0  0.18s           2026-04-16T23:30:29                      12
================================================================================
[2026-04-16T23:31:30.270+0000] {manager.py:997} INFO - 
================================================================================
DAG File Processing Stats

File Path                                         PID  Runtime      # DAGs    # Errors  Last Runtime    Last Run               Last # of DB Queries
----------------------------------------------  -----  ---------  --------  ----------  --------------  -------------------  ----------------------
/opt/airflow/dags/daily_agro_batch_pipeline.py    211  0.02s             1           0  0.32s           2026-04-16T23:30:59                      12
/opt/airflow/dags/daily_agro_data_quality.py      214  0.00s             1           0  0.27s           2026-04-16T23:30:59                      12
================================================================================
[2026-04-16T23:32:01.005+0000] {manager.py:997} INFO - 
================================================================================
DAG File Processing Stats

File Path                                         PID  Runtime      # DAGs    # Errors  Last Runtime    Last Run               Last # of DB Queries
----------------------------------------------  -----  ---------  --------  ----------  --------------  -------------------  ----------------------
/opt/airflow/dags/daily_agro_batch_pipeline.py    221  0.02s             1           0  0.29s           2026-04-16T23:31:30                      12
/opt/airflow/dags/daily_agro_data_quality.py      224  0.00s             1           0  0.19s           2026-04-16T23:31:30                      12
================================================================================
[2026-04-16T23:32:31.736+0000] {manager.py:997} INFO - 
================================================================================
DAG File Processing Stats

File Path                                         PID  Runtime      # DAGs    # Errors  Last Runtime    Last Run               Last # of DB Queries
----------------------------------------------  -----  ---------  --------  ----------  --------------  -------------------  ----------------------
/opt/airflow/dags/daily_agro_batch_pipeline.py    386  0.03s             1           0  0.17s           2026-04-16T23:32:01                      12
/opt/airflow/dags/daily_agro_data_quality.py      389  0.00s             1           0  0.12s           2026-04-16T23:32:01                      12
================================================================================
[2026-04-16T23:33:02.516+0000] {manager.py:997} INFO - 
================================================================================
DAG File Processing Stats

File Path                                         PID  Runtime      # DAGs    # Errors  Last Runtime    Last Run               Last # of DB Queries
----------------------------------------------  -----  ---------  --------  ----------  --------------  -------------------  ----------------------
/opt/airflow/dags/daily_agro_batch_pipeline.py    426  0.03s             1           0  0.18s           2026-04-16T23:32:31                      12
/opt/airflow/dags/daily_agro_data_quality.py      429  0.00s             1           0  0.13s           2026-04-16T23:32:31                      12
================================================================================
[2026-04-16T23:33:33.043+0000] {manager.py:997} INFO - 
================================================================================
DAG File Processing Stats

File Path                                         PID  Runtime      # DAGs    # Errors  Last Runtime    Last Run               Last # of DB Queries
----------------------------------------------  -----  ---------  --------  ----------  --------------  -------------------  ----------------------
/opt/airflow/dags/daily_agro_batch_pipeline.py    436  0.01s             1           0  0.27s           2026-04-16T23:33:02                      12
/opt/airflow/dags/daily_agro_data_quality.py      439  0.00s             1           0  0.23s           2026-04-16T23:33:02                      12
================================================================================
[2026-04-16T23:34:03.452+0000] {manager.py:997} INFO - 
================================================================================
DAG File Processing Stats

File Path                                         PID  Runtime      # DAGs    # Errors  Last Runtime    Last Run               Last # of DB Queries
----------------------------------------------  -----  ---------  --------  ----------  --------------  -------------------  ----------------------
/opt/airflow/dags/daily_agro_batch_pipeline.py    446  0.01s             1           0  0.16s           2026-04-16T23:33:33                      12
/opt/airflow/dags/daily_agro_data_quality.py      449  0.00s             1           0  0.13s           2026-04-16T23:33:33                      12
================================================================================
[2026-04-16T23:34:34.098+0000] {manager.py:997} INFO - 
================================================================================
DAG File Processing Stats

File Path                                         PID  Runtime      # DAGs    # Errors  Last Runtime    Last Run               Last # of DB Queries
----------------------------------------------  -----  ---------  --------  ----------  --------------  -------------------  ----------------------
/opt/airflow/dags/daily_agro_batch_pipeline.py    456  0.02s             1           0  0.17s           2026-04-16T23:34:03                      12
/opt/airflow/dags/daily_agro_data_quality.py      459  0.00s             1           0  0.13s           2026-04-16T23:34:03                      12
================================================================================
[2026-04-16T23:35:04.801+0000] {manager.py:997} INFO - 
================================================================================
DAG File Processing Stats

File Path                                         PID  Runtime      # DAGs    # Errors  Last Runtime    Last Run               Last # of DB Queries
----------------------------------------------  -----  ---------  --------  ----------  --------------  -------------------  ----------------------
/opt/airflow/dags/daily_agro_batch_pipeline.py    472  0.05s             1           0  0.19s           2026-04-16T23:34:34                      12
/opt/airflow/dags/daily_agro_data_quality.py      475  0.01s             1           0  0.14s           2026-04-16T23:34:34                      12
================================================================================
[2026-04-16T23:35:29.427+0000] {manager.py:821} INFO - Searching for files in /opt/airflow/dags
[2026-04-16T23:35:29.535+0000] {manager.py:824} INFO - There are 2 files in /opt/airflow/dags
[2026-04-16T23:35:35.795+0000] {manager.py:997} INFO - 
================================================================================
DAG File Processing Stats

File Path                                         PID  Runtime      # DAGs    # Errors  Last Runtime    Last Run               Last # of DB Queries
----------------------------------------------  -----  ---------  --------  ----------  --------------  -------------------  ----------------------
/opt/airflow/dags/daily_agro_batch_pipeline.py    482  0.07s             1           0  0.27s           2026-04-16T23:35:05                      12
/opt/airflow/dags/daily_agro_data_quality.py      485  0.01s             1           0  0.20s           2026-04-16T23:35:04                      12
================================================================================
[2026-04-16T23:36:06.679+0000] {manager.py:997} INFO - 
================================================================================
DAG File Processing Stats

File Path                                         PID  Runtime      # DAGs    # Errors  Last Runtime    Last Run               Last # of DB Queries
----------------------------------------------  -----  ---------  --------  ----------  --------------  -------------------  ----------------------
/opt/airflow/dags/daily_agro_batch_pipeline.py    492  0.03s             1           0  0.33s           2026-04-16T23:35:36                      12
/opt/airflow/dags/daily_agro_data_quality.py      495  0.00s             1           0  0.22s           2026-04-16T23:35:36                      12
================================================================================
[2026-04-16T23:36:37.446+0000] {manager.py:997} INFO - 
================================================================================
DAG File Processing Stats

File Path                                         PID  Runtime      # DAGs    # Errors  Last Runtime    Last Run               Last # of DB Queries
----------------------------------------------  -----  ---------  --------  ----------  --------------  -------------------  ----------------------
/opt/airflow/dags/daily_agro_batch_pipeline.py    502  0.02s             1           0  0.20s           2026-04-16T23:36:06                      12
/opt/airflow/dags/daily_agro_data_quality.py      505  0.00s             1           0  0.13s           2026-04-16T23:36:06                      12
================================================================================
[2026-04-16T23:37:08.046+0000] {manager.py:997} INFO - 
================================================================================
DAG File Processing Stats

File Path                                         PID  Runtime      # DAGs    # Errors  Last Runtime    Last Run               Last # of DB Queries
----------------------------------------------  -----  ---------  --------  ----------  --------------  -------------------  ----------------------
/opt/airflow/dags/daily_agro_batch_pipeline.py    512  0.02s             1           0  0.18s           2026-04-16T23:36:37                      12
/opt/airflow/dags/daily_agro_data_quality.py      515  0.00s             1           0  0.15s           2026-04-16T23:36:37                      12
================================================================================
[2026-04-16T23:37:38.491+0000] {manager.py:997} INFO - 
================================================================================
DAG File Processing Stats

File Path                                         PID  Runtime      # DAGs    # Errors  Last Runtime    Last Run               Last # of DB Queries
----------------------------------------------  -----  ---------  --------  ----------  --------------  -------------------  ----------------------
/opt/airflow/dags/daily_agro_batch_pipeline.py    522  0.01s             1           0  0.16s           2026-04-16T23:37:08                      12
/opt/airflow/dags/daily_agro_data_quality.py      525  0.00s             1           0  0.10s           2026-04-16T23:37:08                      12
================================================================================
[2026-04-16T23:38:08.881+0000] {manager.py:997} INFO - 
================================================================================
DAG File Processing Stats

File Path                                         PID  Runtime      # DAGs    # Errors  Last Runtime    Last Run               Last # of DB Queries
----------------------------------------------  -----  ---------  --------  ----------  --------------  -------------------  ----------------------
/opt/airflow/dags/daily_agro_batch_pipeline.py    532  0.02s             1           0  0.16s           2026-04-16T23:37:38                      12
/opt/airflow/dags/daily_agro_data_quality.py      535  0.00s             1           0  0.10s           2026-04-16T23:37:38                      12
================================================================================
[2026-04-16T23:38:25.485+0000] {manager.py:465} INFO - Exiting gracefully upon receiving signal 15
