[2026-04-16T23:32:24.721+0000] {local_task_job_runner.py:123} INFO - ::group::Pre task execution logs
[2026-04-16T23:32:24.733+0000] {taskinstance.py:2613} INFO - Dependencies all met for dep_context=non-requeueable deps ti=<TaskInstance: daily_agro_batch_pipeline.ensure_batch_targets manual__2026-04-16T23:32:22.598367+00:00 [queued]>
[2026-04-16T23:32:24.738+0000] {taskinstance.py:2613} INFO - Dependencies all met for dep_context=requeueable deps ti=<TaskInstance: daily_agro_batch_pipeline.ensure_batch_targets manual__2026-04-16T23:32:22.598367+00:00 [queued]>
[2026-04-16T23:32:24.739+0000] {taskinstance.py:2866} INFO - Starting attempt 1 of 2
[2026-04-16T23:32:24.748+0000] {taskinstance.py:2889} INFO - Executing <Task(PythonOperator): ensure_batch_targets> on 2026-04-16 23:32:22.598367+00:00
[2026-04-16T23:32:24.752+0000] {standard_task_runner.py:72} INFO - Started process 235 to run task
[2026-04-16T23:32:24.755+0000] {standard_task_runner.py:104} INFO - Running: ['airflow', 'tasks', 'run', 'daily_***_batch_pipeline', 'ensure_batch_targets', 'manual__2026-04-16T23:32:22.598367+00:00', '--job-id', '11', '--raw', '--subdir', 'DAGS_FOLDER/daily_***_batch_pipeline.py', '--cfg-path', '/tmp/tmp9dcgqv9a']
[2026-04-16T23:32:24.758+0000] {standard_task_runner.py:105} INFO - Job 11: Subtask ensure_batch_targets
[2026-04-16T23:32:24.797+0000] {task_command.py:467} INFO - Running <TaskInstance: daily_agro_batch_pipeline.ensure_batch_targets manual__2026-04-16T23:32:22.598367+00:00 [running]> on host 6c89bbd468c7
[2026-04-16T23:32:24.854+0000] {taskinstance.py:3132} INFO - Exporting env vars: AIRFLOW_CTX_DAG_OWNER='data-engineering' AIRFLOW_CTX_DAG_ID='daily_***_batch_pipeline' AIRFLOW_CTX_TASK_ID='ensure_batch_targets' AIRFLOW_CTX_EXECUTION_DATE='2026-04-16T23:32:22.598367+00:00' AIRFLOW_CTX_TRY_NUMBER='1' AIRFLOW_CTX_DAG_RUN_ID='manual__2026-04-16T23:32:22.598367+00:00'
[2026-04-16T23:32:24.862+0000] {taskinstance.py:731} INFO - ::endgroup::
[2026-04-16T23:32:24.882+0000] {crypto.py:82} WARNING - empty cryptography key - values will not be stored encrypted.
[2026-04-16T23:32:24.898+0000] {base.py:84} INFO - Retrieving connection '***_postgres'
[2026-04-16T23:32:24.915+0000] {sql.py:553} INFO - Running statement: 
        CREATE TABLE IF NOT EXISTS daily_***_kpi_batch (
            id SERIAL PRIMARY KEY,
            date_obs DATE,
            region VARCHAR(100),
            culture VARCHAR(50),
            parcelle_id VARCHAR(50),
            production_estimee_tonnes NUMERIC(12,2),
            revenu_estime_fcfa NUMERIC(14,2),
            revenu_potentiel_fcfa NUMERIC(14,2),
            marge_estimee_fcfa NUMERIC(14,2),
            risque_global_score NUMERIC(8,2),
            score_sante_culture NUMERIC(8,2),
            indice_penurie NUMERIC(8,2),
            priorite_intervention VARCHAR(20),
            created_at TIMESTAMP DEFAULT CURRENT_TIMESTAMP
        );
        CREATE UNIQUE INDEX IF NOT EXISTS uq_daily_***_kpi_batch_business
        ON daily_***_kpi_batch (date_obs, region, culture, parcelle_id);
        , parameters: None
[2026-04-16T23:32:24.944+0000] {python.py:240} INFO - Done. Returned value was: None
[2026-04-16T23:32:24.957+0000] {taskinstance.py:340} INFO - ::group::Post task execution logs
[2026-04-16T23:32:24.964+0000] {taskinstance.py:352} INFO - Marking task as SUCCESS. dag_id=daily_***_batch_pipeline, task_id=ensure_batch_targets, run_id=manual__2026-04-16T23:32:22.598367+00:00, execution_date=20260416T233222, start_date=20260416T233224, end_date=20260416T233224
[2026-04-16T23:32:25.009+0000] {local_task_job_runner.py:266} INFO - Task exited with return code 0
[2026-04-16T23:32:25.033+0000] {taskinstance.py:3895} INFO - 1 downstream tasks scheduled from follow-on schedule check
[2026-04-16T23:32:25.037+0000] {local_task_job_runner.py:245} INFO - ::endgroup::
