[2026-04-16T23:00:13.755+0000] {processor.py:186} INFO - Started process (PID=192) to work on /opt/airflow/dags/daily_agro_data_quality.py
[2026-04-16T23:00:13.757+0000] {processor.py:914} INFO - Processing file /opt/airflow/dags/daily_agro_data_quality.py for tasks to queue
[2026-04-16T23:00:13.760+0000] {logging_mixin.py:190} INFO - [2026-04-16T23:00:13.760+0000] {dagbag.py:588} INFO - Filling up the DagBag from /opt/airflow/dags/daily_agro_data_quality.py
[2026-04-16T23:00:14.002+0000] {processor.py:925} INFO - DAG(s) 'daily_agro_data_quality' retrieved from /opt/airflow/dags/daily_agro_data_quality.py
[2026-04-16T23:00:14.157+0000] {logging_mixin.py:190} INFO - [2026-04-16T23:00:14.157+0000] {override.py:1911} INFO - Created Permission View: can read on DAG:daily_agro_data_quality
[2026-04-16T23:00:14.167+0000] {logging_mixin.py:190} INFO - [2026-04-16T23:00:14.167+0000] {override.py:1911} INFO - Created Permission View: can edit on DAG:daily_agro_data_quality
[2026-04-16T23:00:14.174+0000] {logging_mixin.py:190} INFO - [2026-04-16T23:00:14.174+0000] {override.py:1911} INFO - Created Permission View: can delete on DAG:daily_agro_data_quality
[2026-04-16T23:00:14.183+0000] {logging_mixin.py:190} INFO - [2026-04-16T23:00:14.182+0000] {override.py:1911} INFO - Created Permission View: menu access on DAG Run:daily_agro_data_quality
[2026-04-16T23:00:14.191+0000] {logging_mixin.py:190} INFO - [2026-04-16T23:00:14.191+0000] {override.py:1911} INFO - Created Permission View: can read on DAG Run:daily_agro_data_quality
[2026-04-16T23:00:14.199+0000] {logging_mixin.py:190} INFO - [2026-04-16T23:00:14.199+0000] {override.py:1911} INFO - Created Permission View: can delete on DAG Run:daily_agro_data_quality
[2026-04-16T23:00:14.206+0000] {logging_mixin.py:190} INFO - [2026-04-16T23:00:14.205+0000] {override.py:1911} INFO - Created Permission View: can create on DAG Run:daily_agro_data_quality
[2026-04-16T23:00:14.206+0000] {logging_mixin.py:190} INFO - [2026-04-16T23:00:14.206+0000] {dag.py:3239} INFO - Sync 1 DAGs
[2026-04-16T23:00:14.217+0000] {logging_mixin.py:190} INFO - [2026-04-16T23:00:14.216+0000] {dag.py:3262} INFO - Creating ORM DAG for daily_agro_data_quality
[2026-04-16T23:00:14.225+0000] {logging_mixin.py:190} INFO - [2026-04-16T23:00:14.225+0000] {dag.py:4180} INFO - Setting next_dagrun for daily_agro_data_quality to 2026-04-15 01:30:00+00:00, run_after=2026-04-16 01:30:00+00:00
[2026-04-16T23:00:14.245+0000] {processor.py:208} INFO - Processing /opt/airflow/dags/daily_agro_data_quality.py took 0.496 seconds
[2026-04-16T23:00:44.880+0000] {processor.py:186} INFO - Started process (PID=206) to work on /opt/airflow/dags/daily_agro_data_quality.py
[2026-04-16T23:00:44.881+0000] {processor.py:914} INFO - Processing file /opt/airflow/dags/daily_agro_data_quality.py for tasks to queue
[2026-04-16T23:00:44.884+0000] {logging_mixin.py:190} INFO - [2026-04-16T23:00:44.884+0000] {dagbag.py:588} INFO - Filling up the DagBag from /opt/airflow/dags/daily_agro_data_quality.py
[2026-04-16T23:00:45.038+0000] {processor.py:925} INFO - DAG(s) 'daily_agro_data_quality' retrieved from /opt/airflow/dags/daily_agro_data_quality.py
[2026-04-16T23:00:45.069+0000] {logging_mixin.py:190} INFO - [2026-04-16T23:00:45.069+0000] {dag.py:3239} INFO - Sync 1 DAGs
[2026-04-16T23:00:45.092+0000] {logging_mixin.py:190} INFO - [2026-04-16T23:00:45.092+0000] {dag.py:4180} INFO - Setting next_dagrun for daily_agro_data_quality to 2026-04-16 01:30:00+00:00, run_after=2026-04-17 01:30:00+00:00
[2026-04-16T23:00:45.119+0000] {processor.py:208} INFO - Processing /opt/airflow/dags/daily_agro_data_quality.py took 0.247 seconds
[2026-04-16T23:01:15.871+0000] {processor.py:186} INFO - Started process (PID=218) to work on /opt/airflow/dags/daily_agro_data_quality.py
[2026-04-16T23:01:15.874+0000] {processor.py:914} INFO - Processing file /opt/airflow/dags/daily_agro_data_quality.py for tasks to queue
[2026-04-16T23:01:15.879+0000] {logging_mixin.py:190} INFO - [2026-04-16T23:01:15.879+0000] {dagbag.py:588} INFO - Filling up the DagBag from /opt/airflow/dags/daily_agro_data_quality.py
[2026-04-16T23:01:15.960+0000] {processor.py:925} INFO - DAG(s) 'daily_agro_data_quality' retrieved from /opt/airflow/dags/daily_agro_data_quality.py
[2026-04-16T23:01:15.989+0000] {logging_mixin.py:190} INFO - [2026-04-16T23:01:15.989+0000] {dag.py:3239} INFO - Sync 1 DAGs
[2026-04-16T23:01:16.011+0000] {logging_mixin.py:190} INFO - [2026-04-16T23:01:16.011+0000] {dag.py:4180} INFO - Setting next_dagrun for daily_agro_data_quality to 2026-04-16 01:30:00+00:00, run_after=2026-04-17 01:30:00+00:00
[2026-04-16T23:01:16.042+0000] {processor.py:208} INFO - Processing /opt/airflow/dags/daily_agro_data_quality.py took 0.180 seconds
[2026-04-16T23:01:46.671+0000] {processor.py:186} INFO - Started process (PID=228) to work on /opt/airflow/dags/daily_agro_data_quality.py
[2026-04-16T23:01:46.673+0000] {processor.py:914} INFO - Processing file /opt/airflow/dags/daily_agro_data_quality.py for tasks to queue
[2026-04-16T23:01:46.676+0000] {logging_mixin.py:190} INFO - [2026-04-16T23:01:46.676+0000] {dagbag.py:588} INFO - Filling up the DagBag from /opt/airflow/dags/daily_agro_data_quality.py
[2026-04-16T23:01:46.743+0000] {processor.py:925} INFO - DAG(s) 'daily_agro_data_quality' retrieved from /opt/airflow/dags/daily_agro_data_quality.py
[2026-04-16T23:01:46.774+0000] {logging_mixin.py:190} INFO - [2026-04-16T23:01:46.773+0000] {dag.py:3239} INFO - Sync 1 DAGs
[2026-04-16T23:01:46.795+0000] {logging_mixin.py:190} INFO - [2026-04-16T23:01:46.795+0000] {dag.py:4180} INFO - Setting next_dagrun for daily_agro_data_quality to 2026-04-16 01:30:00+00:00, run_after=2026-04-17 01:30:00+00:00
[2026-04-16T23:01:46.824+0000] {processor.py:208} INFO - Processing /opt/airflow/dags/daily_agro_data_quality.py took 0.160 seconds
[2026-04-16T23:02:17.257+0000] {processor.py:186} INFO - Started process (PID=238) to work on /opt/airflow/dags/daily_agro_data_quality.py
[2026-04-16T23:02:17.258+0000] {processor.py:914} INFO - Processing file /opt/airflow/dags/daily_agro_data_quality.py for tasks to queue
[2026-04-16T23:02:17.261+0000] {logging_mixin.py:190} INFO - [2026-04-16T23:02:17.261+0000] {dagbag.py:588} INFO - Filling up the DagBag from /opt/airflow/dags/daily_agro_data_quality.py
[2026-04-16T23:02:17.330+0000] {processor.py:925} INFO - DAG(s) 'daily_agro_data_quality' retrieved from /opt/airflow/dags/daily_agro_data_quality.py
[2026-04-16T23:02:17.359+0000] {logging_mixin.py:190} INFO - [2026-04-16T23:02:17.358+0000] {dag.py:3239} INFO - Sync 1 DAGs
[2026-04-16T23:02:17.380+0000] {logging_mixin.py:190} INFO - [2026-04-16T23:02:17.380+0000] {dag.py:4180} INFO - Setting next_dagrun for daily_agro_data_quality to 2026-04-16 01:30:00+00:00, run_after=2026-04-17 01:30:00+00:00
[2026-04-16T23:02:17.409+0000] {processor.py:208} INFO - Processing /opt/airflow/dags/daily_agro_data_quality.py took 0.158 seconds
[2026-04-16T23:02:47.765+0000] {processor.py:186} INFO - Started process (PID=248) to work on /opt/airflow/dags/daily_agro_data_quality.py
[2026-04-16T23:02:47.766+0000] {processor.py:914} INFO - Processing file /opt/airflow/dags/daily_agro_data_quality.py for tasks to queue
[2026-04-16T23:02:47.769+0000] {logging_mixin.py:190} INFO - [2026-04-16T23:02:47.769+0000] {dagbag.py:588} INFO - Filling up the DagBag from /opt/airflow/dags/daily_agro_data_quality.py
[2026-04-16T23:02:47.806+0000] {processor.py:925} INFO - DAG(s) 'daily_agro_data_quality' retrieved from /opt/airflow/dags/daily_agro_data_quality.py
[2026-04-16T23:02:47.836+0000] {logging_mixin.py:190} INFO - [2026-04-16T23:02:47.835+0000] {dag.py:3239} INFO - Sync 1 DAGs
[2026-04-16T23:02:47.858+0000] {logging_mixin.py:190} INFO - [2026-04-16T23:02:47.858+0000] {dag.py:4180} INFO - Setting next_dagrun for daily_agro_data_quality to 2026-04-16 01:30:00+00:00, run_after=2026-04-17 01:30:00+00:00
[2026-04-16T23:02:47.885+0000] {processor.py:208} INFO - Processing /opt/airflow/dags/daily_agro_data_quality.py took 0.126 seconds
[2026-04-16T23:03:18.272+0000] {processor.py:186} INFO - Started process (PID=258) to work on /opt/airflow/dags/daily_agro_data_quality.py
[2026-04-16T23:03:18.273+0000] {processor.py:914} INFO - Processing file /opt/airflow/dags/daily_agro_data_quality.py for tasks to queue
[2026-04-16T23:03:18.276+0000] {logging_mixin.py:190} INFO - [2026-04-16T23:03:18.276+0000] {dagbag.py:588} INFO - Filling up the DagBag from /opt/airflow/dags/daily_agro_data_quality.py
[2026-04-16T23:03:18.314+0000] {processor.py:925} INFO - DAG(s) 'daily_agro_data_quality' retrieved from /opt/airflow/dags/daily_agro_data_quality.py
[2026-04-16T23:03:18.341+0000] {logging_mixin.py:190} INFO - [2026-04-16T23:03:18.340+0000] {dag.py:3239} INFO - Sync 1 DAGs
[2026-04-16T23:03:18.361+0000] {logging_mixin.py:190} INFO - [2026-04-16T23:03:18.361+0000] {dag.py:4180} INFO - Setting next_dagrun for daily_agro_data_quality to 2026-04-16 01:30:00+00:00, run_after=2026-04-17 01:30:00+00:00
[2026-04-16T23:03:18.393+0000] {processor.py:208} INFO - Processing /opt/airflow/dags/daily_agro_data_quality.py took 0.125 seconds
[2026-04-16T23:03:48.905+0000] {processor.py:186} INFO - Started process (PID=268) to work on /opt/airflow/dags/daily_agro_data_quality.py
[2026-04-16T23:03:48.906+0000] {processor.py:914} INFO - Processing file /opt/airflow/dags/daily_agro_data_quality.py for tasks to queue
[2026-04-16T23:03:48.911+0000] {logging_mixin.py:190} INFO - [2026-04-16T23:03:48.911+0000] {dagbag.py:588} INFO - Filling up the DagBag from /opt/airflow/dags/daily_agro_data_quality.py
[2026-04-16T23:03:49.051+0000] {processor.py:925} INFO - DAG(s) 'daily_agro_data_quality' retrieved from /opt/airflow/dags/daily_agro_data_quality.py
[2026-04-16T23:03:49.077+0000] {logging_mixin.py:190} INFO - [2026-04-16T23:03:49.077+0000] {dag.py:3239} INFO - Sync 1 DAGs
[2026-04-16T23:03:49.101+0000] {logging_mixin.py:190} INFO - [2026-04-16T23:03:49.100+0000] {dag.py:4180} INFO - Setting next_dagrun for daily_agro_data_quality to 2026-04-16 01:30:00+00:00, run_after=2026-04-17 01:30:00+00:00
[2026-04-16T23:03:49.133+0000] {processor.py:208} INFO - Processing /opt/airflow/dags/daily_agro_data_quality.py took 0.235 seconds
[2026-04-16T23:04:19.809+0000] {processor.py:186} INFO - Started process (PID=278) to work on /opt/airflow/dags/daily_agro_data_quality.py
[2026-04-16T23:04:19.811+0000] {processor.py:914} INFO - Processing file /opt/airflow/dags/daily_agro_data_quality.py for tasks to queue
[2026-04-16T23:04:19.815+0000] {logging_mixin.py:190} INFO - [2026-04-16T23:04:19.815+0000] {dagbag.py:588} INFO - Filling up the DagBag from /opt/airflow/dags/daily_agro_data_quality.py
[2026-04-16T23:04:19.881+0000] {processor.py:925} INFO - DAG(s) 'daily_agro_data_quality' retrieved from /opt/airflow/dags/daily_agro_data_quality.py
[2026-04-16T23:04:19.920+0000] {logging_mixin.py:190} INFO - [2026-04-16T23:04:19.920+0000] {dag.py:3239} INFO - Sync 1 DAGs
[2026-04-16T23:04:19.948+0000] {logging_mixin.py:190} INFO - [2026-04-16T23:04:19.948+0000] {dag.py:4180} INFO - Setting next_dagrun for daily_agro_data_quality to 2026-04-16 01:30:00+00:00, run_after=2026-04-17 01:30:00+00:00
[2026-04-16T23:04:19.985+0000] {processor.py:208} INFO - Processing /opt/airflow/dags/daily_agro_data_quality.py took 0.184 seconds
[2026-04-16T23:04:50.858+0000] {processor.py:186} INFO - Started process (PID=288) to work on /opt/airflow/dags/daily_agro_data_quality.py
[2026-04-16T23:04:50.864+0000] {processor.py:914} INFO - Processing file /opt/airflow/dags/daily_agro_data_quality.py for tasks to queue
[2026-04-16T23:04:50.870+0000] {logging_mixin.py:190} INFO - [2026-04-16T23:04:50.870+0000] {dagbag.py:588} INFO - Filling up the DagBag from /opt/airflow/dags/daily_agro_data_quality.py
[2026-04-16T23:04:51.020+0000] {processor.py:925} INFO - DAG(s) 'daily_agro_data_quality' retrieved from /opt/airflow/dags/daily_agro_data_quality.py
[2026-04-16T23:04:51.047+0000] {logging_mixin.py:190} INFO - [2026-04-16T23:04:51.046+0000] {dag.py:3239} INFO - Sync 1 DAGs
[2026-04-16T23:04:51.070+0000] {logging_mixin.py:190} INFO - [2026-04-16T23:04:51.070+0000] {dag.py:4180} INFO - Setting next_dagrun for daily_agro_data_quality to 2026-04-16 01:30:00+00:00, run_after=2026-04-17 01:30:00+00:00
[2026-04-16T23:04:51.097+0000] {processor.py:208} INFO - Processing /opt/airflow/dags/daily_agro_data_quality.py took 0.247 seconds
[2026-04-16T23:05:21.583+0000] {processor.py:186} INFO - Started process (PID=298) to work on /opt/airflow/dags/daily_agro_data_quality.py
[2026-04-16T23:05:21.584+0000] {processor.py:914} INFO - Processing file /opt/airflow/dags/daily_agro_data_quality.py for tasks to queue
[2026-04-16T23:05:21.587+0000] {logging_mixin.py:190} INFO - [2026-04-16T23:05:21.586+0000] {dagbag.py:588} INFO - Filling up the DagBag from /opt/airflow/dags/daily_agro_data_quality.py
[2026-04-16T23:05:21.636+0000] {processor.py:925} INFO - DAG(s) 'daily_agro_data_quality' retrieved from /opt/airflow/dags/daily_agro_data_quality.py
[2026-04-16T23:05:21.663+0000] {logging_mixin.py:190} INFO - [2026-04-16T23:05:21.663+0000] {dag.py:3239} INFO - Sync 1 DAGs
[2026-04-16T23:05:21.683+0000] {logging_mixin.py:190} INFO - [2026-04-16T23:05:21.682+0000] {dag.py:4180} INFO - Setting next_dagrun for daily_agro_data_quality to 2026-04-16 01:30:00+00:00, run_after=2026-04-17 01:30:00+00:00
[2026-04-16T23:05:21.712+0000] {processor.py:208} INFO - Processing /opt/airflow/dags/daily_agro_data_quality.py took 0.135 seconds
[2026-04-16T23:05:52.120+0000] {processor.py:186} INFO - Started process (PID=308) to work on /opt/airflow/dags/daily_agro_data_quality.py
[2026-04-16T23:05:52.122+0000] {processor.py:914} INFO - Processing file /opt/airflow/dags/daily_agro_data_quality.py for tasks to queue
[2026-04-16T23:05:52.125+0000] {logging_mixin.py:190} INFO - [2026-04-16T23:05:52.125+0000] {dagbag.py:588} INFO - Filling up the DagBag from /opt/airflow/dags/daily_agro_data_quality.py
[2026-04-16T23:05:52.175+0000] {processor.py:925} INFO - DAG(s) 'daily_agro_data_quality' retrieved from /opt/airflow/dags/daily_agro_data_quality.py
[2026-04-16T23:05:52.202+0000] {logging_mixin.py:190} INFO - [2026-04-16T23:05:52.202+0000] {dag.py:3239} INFO - Sync 1 DAGs
[2026-04-16T23:05:52.222+0000] {logging_mixin.py:190} INFO - [2026-04-16T23:05:52.221+0000] {dag.py:4180} INFO - Setting next_dagrun for daily_agro_data_quality to 2026-04-16 01:30:00+00:00, run_after=2026-04-17 01:30:00+00:00
[2026-04-16T23:05:52.250+0000] {processor.py:208} INFO - Processing /opt/airflow/dags/daily_agro_data_quality.py took 0.135 seconds
[2026-04-16T23:06:22.637+0000] {processor.py:186} INFO - Started process (PID=318) to work on /opt/airflow/dags/daily_agro_data_quality.py
[2026-04-16T23:06:22.638+0000] {processor.py:914} INFO - Processing file /opt/airflow/dags/daily_agro_data_quality.py for tasks to queue
[2026-04-16T23:06:22.641+0000] {logging_mixin.py:190} INFO - [2026-04-16T23:06:22.640+0000] {dagbag.py:588} INFO - Filling up the DagBag from /opt/airflow/dags/daily_agro_data_quality.py
[2026-04-16T23:06:22.715+0000] {processor.py:925} INFO - DAG(s) 'daily_agro_data_quality' retrieved from /opt/airflow/dags/daily_agro_data_quality.py
[2026-04-16T23:06:22.743+0000] {logging_mixin.py:190} INFO - [2026-04-16T23:06:22.743+0000] {dag.py:3239} INFO - Sync 1 DAGs
[2026-04-16T23:06:22.765+0000] {logging_mixin.py:190} INFO - [2026-04-16T23:06:22.764+0000] {dag.py:4180} INFO - Setting next_dagrun for daily_agro_data_quality to 2026-04-16 01:30:00+00:00, run_after=2026-04-17 01:30:00+00:00
[2026-04-16T23:06:22.784+0000] {processor.py:208} INFO - Processing /opt/airflow/dags/daily_agro_data_quality.py took 0.154 seconds
[2026-04-16T23:06:53.233+0000] {processor.py:186} INFO - Started process (PID=328) to work on /opt/airflow/dags/daily_agro_data_quality.py
[2026-04-16T23:06:53.235+0000] {processor.py:914} INFO - Processing file /opt/airflow/dags/daily_agro_data_quality.py for tasks to queue
[2026-04-16T23:06:53.238+0000] {logging_mixin.py:190} INFO - [2026-04-16T23:06:53.237+0000] {dagbag.py:588} INFO - Filling up the DagBag from /opt/airflow/dags/daily_agro_data_quality.py
[2026-04-16T23:06:53.315+0000] {processor.py:925} INFO - DAG(s) 'daily_agro_data_quality' retrieved from /opt/airflow/dags/daily_agro_data_quality.py
[2026-04-16T23:06:53.353+0000] {logging_mixin.py:190} INFO - [2026-04-16T23:06:53.353+0000] {dag.py:3239} INFO - Sync 1 DAGs
[2026-04-16T23:06:53.375+0000] {logging_mixin.py:190} INFO - [2026-04-16T23:06:53.374+0000] {dag.py:4180} INFO - Setting next_dagrun for daily_agro_data_quality to 2026-04-16 01:30:00+00:00, run_after=2026-04-17 01:30:00+00:00
[2026-04-16T23:06:53.404+0000] {processor.py:208} INFO - Processing /opt/airflow/dags/daily_agro_data_quality.py took 0.178 seconds
[2026-04-16T23:07:23.780+0000] {processor.py:186} INFO - Started process (PID=338) to work on /opt/airflow/dags/daily_agro_data_quality.py
[2026-04-16T23:07:23.781+0000] {processor.py:914} INFO - Processing file /opt/airflow/dags/daily_agro_data_quality.py for tasks to queue
[2026-04-16T23:07:23.785+0000] {logging_mixin.py:190} INFO - [2026-04-16T23:07:23.785+0000] {dagbag.py:588} INFO - Filling up the DagBag from /opt/airflow/dags/daily_agro_data_quality.py
[2026-04-16T23:07:23.844+0000] {processor.py:925} INFO - DAG(s) 'daily_agro_data_quality' retrieved from /opt/airflow/dags/daily_agro_data_quality.py
[2026-04-16T23:07:23.875+0000] {logging_mixin.py:190} INFO - [2026-04-16T23:07:23.875+0000] {dag.py:3239} INFO - Sync 1 DAGs
[2026-04-16T23:07:23.899+0000] {logging_mixin.py:190} INFO - [2026-04-16T23:07:23.898+0000] {dag.py:4180} INFO - Setting next_dagrun for daily_agro_data_quality to 2026-04-16 01:30:00+00:00, run_after=2026-04-17 01:30:00+00:00
[2026-04-16T23:07:23.931+0000] {processor.py:208} INFO - Processing /opt/airflow/dags/daily_agro_data_quality.py took 0.157 seconds
[2026-04-16T23:07:54.322+0000] {processor.py:186} INFO - Started process (PID=348) to work on /opt/airflow/dags/daily_agro_data_quality.py
[2026-04-16T23:07:54.323+0000] {processor.py:914} INFO - Processing file /opt/airflow/dags/daily_agro_data_quality.py for tasks to queue
[2026-04-16T23:07:54.326+0000] {logging_mixin.py:190} INFO - [2026-04-16T23:07:54.325+0000] {dagbag.py:588} INFO - Filling up the DagBag from /opt/airflow/dags/daily_agro_data_quality.py
[2026-04-16T23:07:54.394+0000] {processor.py:925} INFO - DAG(s) 'daily_agro_data_quality' retrieved from /opt/airflow/dags/daily_agro_data_quality.py
[2026-04-16T23:07:54.422+0000] {logging_mixin.py:190} INFO - [2026-04-16T23:07:54.422+0000] {dag.py:3239} INFO - Sync 1 DAGs
[2026-04-16T23:07:54.443+0000] {logging_mixin.py:190} INFO - [2026-04-16T23:07:54.443+0000] {dag.py:4180} INFO - Setting next_dagrun for daily_agro_data_quality to 2026-04-16 01:30:00+00:00, run_after=2026-04-17 01:30:00+00:00
[2026-04-16T23:07:54.473+0000] {processor.py:208} INFO - Processing /opt/airflow/dags/daily_agro_data_quality.py took 0.157 seconds
[2026-04-16T23:08:24.866+0000] {processor.py:186} INFO - Started process (PID=358) to work on /opt/airflow/dags/daily_agro_data_quality.py
[2026-04-16T23:08:24.867+0000] {processor.py:914} INFO - Processing file /opt/airflow/dags/daily_agro_data_quality.py for tasks to queue
[2026-04-16T23:08:24.870+0000] {logging_mixin.py:190} INFO - [2026-04-16T23:08:24.870+0000] {dagbag.py:588} INFO - Filling up the DagBag from /opt/airflow/dags/daily_agro_data_quality.py
[2026-04-16T23:08:24.933+0000] {processor.py:925} INFO - DAG(s) 'daily_agro_data_quality' retrieved from /opt/airflow/dags/daily_agro_data_quality.py
[2026-04-16T23:08:24.962+0000] {logging_mixin.py:190} INFO - [2026-04-16T23:08:24.961+0000] {dag.py:3239} INFO - Sync 1 DAGs
[2026-04-16T23:08:24.982+0000] {logging_mixin.py:190} INFO - [2026-04-16T23:08:24.981+0000] {dag.py:4180} INFO - Setting next_dagrun for daily_agro_data_quality to 2026-04-16 01:30:00+00:00, run_after=2026-04-17 01:30:00+00:00
[2026-04-16T23:08:25.008+0000] {processor.py:208} INFO - Processing /opt/airflow/dags/daily_agro_data_quality.py took 0.148 seconds
[2026-04-16T23:08:55.385+0000] {processor.py:186} INFO - Started process (PID=368) to work on /opt/airflow/dags/daily_agro_data_quality.py
[2026-04-16T23:08:55.387+0000] {processor.py:914} INFO - Processing file /opt/airflow/dags/daily_agro_data_quality.py for tasks to queue
[2026-04-16T23:08:55.391+0000] {logging_mixin.py:190} INFO - [2026-04-16T23:08:55.391+0000] {dagbag.py:588} INFO - Filling up the DagBag from /opt/airflow/dags/daily_agro_data_quality.py
[2026-04-16T23:08:55.461+0000] {processor.py:925} INFO - DAG(s) 'daily_agro_data_quality' retrieved from /opt/airflow/dags/daily_agro_data_quality.py
[2026-04-16T23:08:55.490+0000] {logging_mixin.py:190} INFO - [2026-04-16T23:08:55.489+0000] {dag.py:3239} INFO - Sync 1 DAGs
[2026-04-16T23:08:55.510+0000] {logging_mixin.py:190} INFO - [2026-04-16T23:08:55.509+0000] {dag.py:4180} INFO - Setting next_dagrun for daily_agro_data_quality to 2026-04-16 01:30:00+00:00, run_after=2026-04-17 01:30:00+00:00
[2026-04-16T23:08:55.539+0000] {processor.py:208} INFO - Processing /opt/airflow/dags/daily_agro_data_quality.py took 0.161 seconds
[2026-04-16T23:09:25.928+0000] {processor.py:186} INFO - Started process (PID=378) to work on /opt/airflow/dags/daily_agro_data_quality.py
[2026-04-16T23:09:25.930+0000] {processor.py:914} INFO - Processing file /opt/airflow/dags/daily_agro_data_quality.py for tasks to queue
[2026-04-16T23:09:25.932+0000] {logging_mixin.py:190} INFO - [2026-04-16T23:09:25.932+0000] {dagbag.py:588} INFO - Filling up the DagBag from /opt/airflow/dags/daily_agro_data_quality.py
[2026-04-16T23:09:25.967+0000] {processor.py:925} INFO - DAG(s) 'daily_agro_data_quality' retrieved from /opt/airflow/dags/daily_agro_data_quality.py
[2026-04-16T23:09:25.993+0000] {logging_mixin.py:190} INFO - [2026-04-16T23:09:25.993+0000] {dag.py:3239} INFO - Sync 1 DAGs
[2026-04-16T23:09:26.014+0000] {logging_mixin.py:190} INFO - [2026-04-16T23:09:26.014+0000] {dag.py:4180} INFO - Setting next_dagrun for daily_agro_data_quality to 2026-04-16 01:30:00+00:00, run_after=2026-04-17 01:30:00+00:00
[2026-04-16T23:09:26.044+0000] {processor.py:208} INFO - Processing /opt/airflow/dags/daily_agro_data_quality.py took 0.122 seconds
[2026-04-16T23:09:56.442+0000] {processor.py:186} INFO - Started process (PID=393) to work on /opt/airflow/dags/daily_agro_data_quality.py
[2026-04-16T23:09:56.443+0000] {processor.py:914} INFO - Processing file /opt/airflow/dags/daily_agro_data_quality.py for tasks to queue
[2026-04-16T23:09:56.445+0000] {logging_mixin.py:190} INFO - [2026-04-16T23:09:56.445+0000] {dagbag.py:588} INFO - Filling up the DagBag from /opt/airflow/dags/daily_agro_data_quality.py
[2026-04-16T23:09:56.505+0000] {processor.py:925} INFO - DAG(s) 'daily_agro_data_quality' retrieved from /opt/airflow/dags/daily_agro_data_quality.py
[2026-04-16T23:09:56.532+0000] {logging_mixin.py:190} INFO - [2026-04-16T23:09:56.532+0000] {dag.py:3239} INFO - Sync 1 DAGs
[2026-04-16T23:09:56.552+0000] {logging_mixin.py:190} INFO - [2026-04-16T23:09:56.552+0000] {dag.py:4180} INFO - Setting next_dagrun for daily_agro_data_quality to 2026-04-16 01:30:00+00:00, run_after=2026-04-17 01:30:00+00:00
[2026-04-16T23:09:56.579+0000] {processor.py:208} INFO - Processing /opt/airflow/dags/daily_agro_data_quality.py took 0.143 seconds
[2026-04-16T23:12:25.318+0000] {processor.py:186} INFO - Started process (PID=194) to work on /opt/airflow/dags/daily_agro_data_quality.py
[2026-04-16T23:12:25.319+0000] {processor.py:914} INFO - Processing file /opt/airflow/dags/daily_agro_data_quality.py for tasks to queue
[2026-04-16T23:12:25.321+0000] {logging_mixin.py:190} INFO - [2026-04-16T23:12:25.321+0000] {dagbag.py:588} INFO - Filling up the DagBag from /opt/airflow/dags/daily_agro_data_quality.py
[2026-04-16T23:12:25.444+0000] {processor.py:925} INFO - DAG(s) 'daily_agro_data_quality' retrieved from /opt/airflow/dags/daily_agro_data_quality.py
[2026-04-16T23:12:25.488+0000] {logging_mixin.py:190} INFO - [2026-04-16T23:12:25.488+0000] {dag.py:3239} INFO - Sync 1 DAGs
[2026-04-16T23:12:25.512+0000] {logging_mixin.py:190} INFO - [2026-04-16T23:12:25.512+0000] {dag.py:4180} INFO - Setting next_dagrun for daily_agro_data_quality to 2026-04-16 01:30:00+00:00, run_after=2026-04-17 01:30:00+00:00
[2026-04-16T23:12:25.533+0000] {processor.py:208} INFO - Processing /opt/airflow/dags/daily_agro_data_quality.py took 0.221 seconds
[2026-04-16T23:12:56.164+0000] {processor.py:186} INFO - Started process (PID=204) to work on /opt/airflow/dags/daily_agro_data_quality.py
[2026-04-16T23:12:56.166+0000] {processor.py:914} INFO - Processing file /opt/airflow/dags/daily_agro_data_quality.py for tasks to queue
[2026-04-16T23:12:56.168+0000] {logging_mixin.py:190} INFO - [2026-04-16T23:12:56.168+0000] {dagbag.py:588} INFO - Filling up the DagBag from /opt/airflow/dags/daily_agro_data_quality.py
[2026-04-16T23:12:56.354+0000] {processor.py:925} INFO - DAG(s) 'daily_agro_data_quality' retrieved from /opt/airflow/dags/daily_agro_data_quality.py
[2026-04-16T23:12:56.383+0000] {logging_mixin.py:190} INFO - [2026-04-16T23:12:56.383+0000] {dag.py:3239} INFO - Sync 1 DAGs
[2026-04-16T23:12:56.405+0000] {logging_mixin.py:190} INFO - [2026-04-16T23:12:56.405+0000] {dag.py:4180} INFO - Setting next_dagrun for daily_agro_data_quality to 2026-04-16 01:30:00+00:00, run_after=2026-04-17 01:30:00+00:00
[2026-04-16T23:12:56.427+0000] {processor.py:208} INFO - Processing /opt/airflow/dags/daily_agro_data_quality.py took 0.268 seconds
[2026-04-16T23:13:27.175+0000] {processor.py:186} INFO - Started process (PID=214) to work on /opt/airflow/dags/daily_agro_data_quality.py
[2026-04-16T23:13:27.176+0000] {processor.py:914} INFO - Processing file /opt/airflow/dags/daily_agro_data_quality.py for tasks to queue
[2026-04-16T23:13:27.183+0000] {logging_mixin.py:190} INFO - [2026-04-16T23:13:27.183+0000] {dagbag.py:588} INFO - Filling up the DagBag from /opt/airflow/dags/daily_agro_data_quality.py
[2026-04-16T23:13:27.300+0000] {processor.py:925} INFO - DAG(s) 'daily_agro_data_quality' retrieved from /opt/airflow/dags/daily_agro_data_quality.py
[2026-04-16T23:13:27.329+0000] {logging_mixin.py:190} INFO - [2026-04-16T23:13:27.329+0000] {dag.py:3239} INFO - Sync 1 DAGs
[2026-04-16T23:13:27.350+0000] {logging_mixin.py:190} INFO - [2026-04-16T23:13:27.350+0000] {dag.py:4180} INFO - Setting next_dagrun for daily_agro_data_quality to 2026-04-16 01:30:00+00:00, run_after=2026-04-17 01:30:00+00:00
[2026-04-16T23:13:27.385+0000] {processor.py:208} INFO - Processing /opt/airflow/dags/daily_agro_data_quality.py took 0.220 seconds
[2026-04-16T23:13:58.068+0000] {processor.py:186} INFO - Started process (PID=224) to work on /opt/airflow/dags/daily_agro_data_quality.py
[2026-04-16T23:13:58.069+0000] {processor.py:914} INFO - Processing file /opt/airflow/dags/daily_agro_data_quality.py for tasks to queue
[2026-04-16T23:13:58.072+0000] {logging_mixin.py:190} INFO - [2026-04-16T23:13:58.071+0000] {dagbag.py:588} INFO - Filling up the DagBag from /opt/airflow/dags/daily_agro_data_quality.py
[2026-04-16T23:13:58.263+0000] {processor.py:925} INFO - DAG(s) 'daily_agro_data_quality' retrieved from /opt/airflow/dags/daily_agro_data_quality.py
[2026-04-16T23:13:58.291+0000] {logging_mixin.py:190} INFO - [2026-04-16T23:13:58.291+0000] {dag.py:3239} INFO - Sync 1 DAGs
[2026-04-16T23:13:58.314+0000] {logging_mixin.py:190} INFO - [2026-04-16T23:13:58.314+0000] {dag.py:4180} INFO - Setting next_dagrun for daily_agro_data_quality to 2026-04-16 01:30:00+00:00, run_after=2026-04-17 01:30:00+00:00
[2026-04-16T23:13:58.345+0000] {processor.py:208} INFO - Processing /opt/airflow/dags/daily_agro_data_quality.py took 0.282 seconds
[2026-04-16T23:14:28.469+0000] {processor.py:186} INFO - Started process (PID=234) to work on /opt/airflow/dags/daily_agro_data_quality.py
[2026-04-16T23:14:28.470+0000] {processor.py:914} INFO - Processing file /opt/airflow/dags/daily_agro_data_quality.py for tasks to queue
[2026-04-16T23:14:28.473+0000] {logging_mixin.py:190} INFO - [2026-04-16T23:14:28.473+0000] {dagbag.py:588} INFO - Filling up the DagBag from /opt/airflow/dags/daily_agro_data_quality.py
[2026-04-16T23:14:28.542+0000] {processor.py:925} INFO - DAG(s) 'daily_agro_data_quality' retrieved from /opt/airflow/dags/daily_agro_data_quality.py
[2026-04-16T23:14:28.583+0000] {logging_mixin.py:190} INFO - [2026-04-16T23:14:28.583+0000] {dag.py:3239} INFO - Sync 1 DAGs
[2026-04-16T23:14:28.609+0000] {logging_mixin.py:190} INFO - [2026-04-16T23:14:28.609+0000] {dag.py:4180} INFO - Setting next_dagrun for daily_agro_data_quality to 2026-04-16 01:30:00+00:00, run_after=2026-04-17 01:30:00+00:00
[2026-04-16T23:14:28.641+0000] {processor.py:208} INFO - Processing /opt/airflow/dags/daily_agro_data_quality.py took 0.180 seconds
[2026-04-16T23:14:59.071+0000] {processor.py:186} INFO - Started process (PID=244) to work on /opt/airflow/dags/daily_agro_data_quality.py
[2026-04-16T23:14:59.073+0000] {processor.py:914} INFO - Processing file /opt/airflow/dags/daily_agro_data_quality.py for tasks to queue
[2026-04-16T23:14:59.077+0000] {logging_mixin.py:190} INFO - [2026-04-16T23:14:59.077+0000] {dagbag.py:588} INFO - Filling up the DagBag from /opt/airflow/dags/daily_agro_data_quality.py
[2026-04-16T23:14:59.157+0000] {processor.py:925} INFO - DAG(s) 'daily_agro_data_quality' retrieved from /opt/airflow/dags/daily_agro_data_quality.py
[2026-04-16T23:14:59.193+0000] {logging_mixin.py:190} INFO - [2026-04-16T23:14:59.192+0000] {dag.py:3239} INFO - Sync 1 DAGs
[2026-04-16T23:14:59.213+0000] {logging_mixin.py:190} INFO - [2026-04-16T23:14:59.213+0000] {dag.py:4180} INFO - Setting next_dagrun for daily_agro_data_quality to 2026-04-16 01:30:00+00:00, run_after=2026-04-17 01:30:00+00:00
[2026-04-16T23:14:59.237+0000] {processor.py:208} INFO - Processing /opt/airflow/dags/daily_agro_data_quality.py took 0.176 seconds
[2026-04-16T23:15:29.741+0000] {processor.py:186} INFO - Started process (PID=254) to work on /opt/airflow/dags/daily_agro_data_quality.py
[2026-04-16T23:15:29.742+0000] {processor.py:914} INFO - Processing file /opt/airflow/dags/daily_agro_data_quality.py for tasks to queue
[2026-04-16T23:15:29.745+0000] {logging_mixin.py:190} INFO - [2026-04-16T23:15:29.745+0000] {dagbag.py:588} INFO - Filling up the DagBag from /opt/airflow/dags/daily_agro_data_quality.py
[2026-04-16T23:15:29.815+0000] {processor.py:925} INFO - DAG(s) 'daily_agro_data_quality' retrieved from /opt/airflow/dags/daily_agro_data_quality.py
[2026-04-16T23:15:29.848+0000] {logging_mixin.py:190} INFO - [2026-04-16T23:15:29.847+0000] {dag.py:3239} INFO - Sync 1 DAGs
[2026-04-16T23:15:29.869+0000] {logging_mixin.py:190} INFO - [2026-04-16T23:15:29.868+0000] {dag.py:4180} INFO - Setting next_dagrun for daily_agro_data_quality to 2026-04-16 01:30:00+00:00, run_after=2026-04-17 01:30:00+00:00
[2026-04-16T23:15:29.886+0000] {processor.py:208} INFO - Processing /opt/airflow/dags/daily_agro_data_quality.py took 0.151 seconds
[2026-04-16T23:16:00.287+0000] {processor.py:186} INFO - Started process (PID=264) to work on /opt/airflow/dags/daily_agro_data_quality.py
[2026-04-16T23:16:00.289+0000] {processor.py:914} INFO - Processing file /opt/airflow/dags/daily_agro_data_quality.py for tasks to queue
[2026-04-16T23:16:00.292+0000] {logging_mixin.py:190} INFO - [2026-04-16T23:16:00.291+0000] {dagbag.py:588} INFO - Filling up the DagBag from /opt/airflow/dags/daily_agro_data_quality.py
[2026-04-16T23:16:00.364+0000] {processor.py:925} INFO - DAG(s) 'daily_agro_data_quality' retrieved from /opt/airflow/dags/daily_agro_data_quality.py
[2026-04-16T23:16:00.392+0000] {logging_mixin.py:190} INFO - [2026-04-16T23:16:00.392+0000] {dag.py:3239} INFO - Sync 1 DAGs
[2026-04-16T23:16:00.414+0000] {logging_mixin.py:190} INFO - [2026-04-16T23:16:00.414+0000] {dag.py:4180} INFO - Setting next_dagrun for daily_agro_data_quality to 2026-04-16 01:30:00+00:00, run_after=2026-04-17 01:30:00+00:00
[2026-04-16T23:16:00.445+0000] {processor.py:208} INFO - Processing /opt/airflow/dags/daily_agro_data_quality.py took 0.164 seconds
[2026-04-16T23:16:30.843+0000] {processor.py:186} INFO - Started process (PID=274) to work on /opt/airflow/dags/daily_agro_data_quality.py
[2026-04-16T23:16:30.845+0000] {processor.py:914} INFO - Processing file /opt/airflow/dags/daily_agro_data_quality.py for tasks to queue
[2026-04-16T23:16:30.848+0000] {logging_mixin.py:190} INFO - [2026-04-16T23:16:30.848+0000] {dagbag.py:588} INFO - Filling up the DagBag from /opt/airflow/dags/daily_agro_data_quality.py
[2026-04-16T23:16:30.912+0000] {processor.py:925} INFO - DAG(s) 'daily_agro_data_quality' retrieved from /opt/airflow/dags/daily_agro_data_quality.py
[2026-04-16T23:16:30.943+0000] {logging_mixin.py:190} INFO - [2026-04-16T23:16:30.943+0000] {dag.py:3239} INFO - Sync 1 DAGs
[2026-04-16T23:16:30.965+0000] {logging_mixin.py:190} INFO - [2026-04-16T23:16:30.965+0000] {dag.py:4180} INFO - Setting next_dagrun for daily_agro_data_quality to 2026-04-16 01:30:00+00:00, run_after=2026-04-17 01:30:00+00:00
[2026-04-16T23:16:30.991+0000] {processor.py:208} INFO - Processing /opt/airflow/dags/daily_agro_data_quality.py took 0.154 seconds
[2026-04-16T23:17:01.395+0000] {processor.py:186} INFO - Started process (PID=284) to work on /opt/airflow/dags/daily_agro_data_quality.py
[2026-04-16T23:17:01.398+0000] {processor.py:914} INFO - Processing file /opt/airflow/dags/daily_agro_data_quality.py for tasks to queue
[2026-04-16T23:17:01.400+0000] {logging_mixin.py:190} INFO - [2026-04-16T23:17:01.400+0000] {dagbag.py:588} INFO - Filling up the DagBag from /opt/airflow/dags/daily_agro_data_quality.py
[2026-04-16T23:17:01.462+0000] {processor.py:925} INFO - DAG(s) 'daily_agro_data_quality' retrieved from /opt/airflow/dags/daily_agro_data_quality.py
[2026-04-16T23:17:01.493+0000] {logging_mixin.py:190} INFO - [2026-04-16T23:17:01.493+0000] {dag.py:3239} INFO - Sync 1 DAGs
[2026-04-16T23:17:01.518+0000] {logging_mixin.py:190} INFO - [2026-04-16T23:17:01.518+0000] {dag.py:4180} INFO - Setting next_dagrun for daily_agro_data_quality to 2026-04-16 01:30:00+00:00, run_after=2026-04-17 01:30:00+00:00
[2026-04-16T23:17:01.548+0000] {processor.py:208} INFO - Processing /opt/airflow/dags/daily_agro_data_quality.py took 0.158 seconds
[2026-04-16T23:17:32.087+0000] {processor.py:186} INFO - Started process (PID=294) to work on /opt/airflow/dags/daily_agro_data_quality.py
[2026-04-16T23:17:32.088+0000] {processor.py:914} INFO - Processing file /opt/airflow/dags/daily_agro_data_quality.py for tasks to queue
[2026-04-16T23:17:32.091+0000] {logging_mixin.py:190} INFO - [2026-04-16T23:17:32.091+0000] {dagbag.py:588} INFO - Filling up the DagBag from /opt/airflow/dags/daily_agro_data_quality.py
[2026-04-16T23:17:32.153+0000] {processor.py:925} INFO - DAG(s) 'daily_agro_data_quality' retrieved from /opt/airflow/dags/daily_agro_data_quality.py
[2026-04-16T23:17:32.184+0000] {logging_mixin.py:190} INFO - [2026-04-16T23:17:32.184+0000] {dag.py:3239} INFO - Sync 1 DAGs
[2026-04-16T23:17:32.206+0000] {logging_mixin.py:190} INFO - [2026-04-16T23:17:32.206+0000] {dag.py:4180} INFO - Setting next_dagrun for daily_agro_data_quality to 2026-04-16 01:30:00+00:00, run_after=2026-04-17 01:30:00+00:00
[2026-04-16T23:17:32.226+0000] {processor.py:208} INFO - Processing /opt/airflow/dags/daily_agro_data_quality.py took 0.145 seconds
[2026-04-16T23:18:02.591+0000] {processor.py:186} INFO - Started process (PID=304) to work on /opt/airflow/dags/daily_agro_data_quality.py
[2026-04-16T23:18:02.592+0000] {processor.py:914} INFO - Processing file /opt/airflow/dags/daily_agro_data_quality.py for tasks to queue
[2026-04-16T23:18:02.595+0000] {logging_mixin.py:190} INFO - [2026-04-16T23:18:02.595+0000] {dagbag.py:588} INFO - Filling up the DagBag from /opt/airflow/dags/daily_agro_data_quality.py
[2026-04-16T23:18:02.665+0000] {processor.py:925} INFO - DAG(s) 'daily_agro_data_quality' retrieved from /opt/airflow/dags/daily_agro_data_quality.py
[2026-04-16T23:18:02.692+0000] {logging_mixin.py:190} INFO - [2026-04-16T23:18:02.692+0000] {dag.py:3239} INFO - Sync 1 DAGs
[2026-04-16T23:18:02.712+0000] {logging_mixin.py:190} INFO - [2026-04-16T23:18:02.712+0000] {dag.py:4180} INFO - Setting next_dagrun for daily_agro_data_quality to 2026-04-16 01:30:00+00:00, run_after=2026-04-17 01:30:00+00:00
[2026-04-16T23:18:02.742+0000] {processor.py:208} INFO - Processing /opt/airflow/dags/daily_agro_data_quality.py took 0.156 seconds
[2026-04-16T23:18:33.128+0000] {processor.py:186} INFO - Started process (PID=314) to work on /opt/airflow/dags/daily_agro_data_quality.py
[2026-04-16T23:18:33.129+0000] {processor.py:914} INFO - Processing file /opt/airflow/dags/daily_agro_data_quality.py for tasks to queue
[2026-04-16T23:18:33.131+0000] {logging_mixin.py:190} INFO - [2026-04-16T23:18:33.131+0000] {dagbag.py:588} INFO - Filling up the DagBag from /opt/airflow/dags/daily_agro_data_quality.py
[2026-04-16T23:18:33.196+0000] {processor.py:925} INFO - DAG(s) 'daily_agro_data_quality' retrieved from /opt/airflow/dags/daily_agro_data_quality.py
[2026-04-16T23:18:33.226+0000] {logging_mixin.py:190} INFO - [2026-04-16T23:18:33.226+0000] {dag.py:3239} INFO - Sync 1 DAGs
[2026-04-16T23:18:33.249+0000] {logging_mixin.py:190} INFO - [2026-04-16T23:18:33.249+0000] {dag.py:4180} INFO - Setting next_dagrun for daily_agro_data_quality to 2026-04-16 01:30:00+00:00, run_after=2026-04-17 01:30:00+00:00
[2026-04-16T23:18:33.267+0000] {processor.py:208} INFO - Processing /opt/airflow/dags/daily_agro_data_quality.py took 0.147 seconds
[2026-04-16T23:19:03.638+0000] {processor.py:186} INFO - Started process (PID=324) to work on /opt/airflow/dags/daily_agro_data_quality.py
[2026-04-16T23:19:03.639+0000] {processor.py:914} INFO - Processing file /opt/airflow/dags/daily_agro_data_quality.py for tasks to queue
[2026-04-16T23:19:03.641+0000] {logging_mixin.py:190} INFO - [2026-04-16T23:19:03.641+0000] {dagbag.py:588} INFO - Filling up the DagBag from /opt/airflow/dags/daily_agro_data_quality.py
[2026-04-16T23:19:03.696+0000] {processor.py:925} INFO - DAG(s) 'daily_agro_data_quality' retrieved from /opt/airflow/dags/daily_agro_data_quality.py
[2026-04-16T23:19:03.724+0000] {logging_mixin.py:190} INFO - [2026-04-16T23:19:03.723+0000] {dag.py:3239} INFO - Sync 1 DAGs
[2026-04-16T23:19:03.743+0000] {logging_mixin.py:190} INFO - [2026-04-16T23:19:03.743+0000] {dag.py:4180} INFO - Setting next_dagrun for daily_agro_data_quality to 2026-04-16 01:30:00+00:00, run_after=2026-04-17 01:30:00+00:00
[2026-04-16T23:19:03.771+0000] {processor.py:208} INFO - Processing /opt/airflow/dags/daily_agro_data_quality.py took 0.138 seconds
[2026-04-16T23:19:34.181+0000] {processor.py:186} INFO - Started process (PID=334) to work on /opt/airflow/dags/daily_agro_data_quality.py
[2026-04-16T23:19:34.183+0000] {processor.py:914} INFO - Processing file /opt/airflow/dags/daily_agro_data_quality.py for tasks to queue
[2026-04-16T23:19:34.185+0000] {logging_mixin.py:190} INFO - [2026-04-16T23:19:34.185+0000] {dagbag.py:588} INFO - Filling up the DagBag from /opt/airflow/dags/daily_agro_data_quality.py
[2026-04-16T23:19:34.242+0000] {processor.py:925} INFO - DAG(s) 'daily_agro_data_quality' retrieved from /opt/airflow/dags/daily_agro_data_quality.py
[2026-04-16T23:19:34.275+0000] {logging_mixin.py:190} INFO - [2026-04-16T23:19:34.275+0000] {dag.py:3239} INFO - Sync 1 DAGs
[2026-04-16T23:19:34.303+0000] {logging_mixin.py:190} INFO - [2026-04-16T23:19:34.303+0000] {dag.py:4180} INFO - Setting next_dagrun for daily_agro_data_quality to 2026-04-16 01:30:00+00:00, run_after=2026-04-17 01:30:00+00:00
[2026-04-16T23:19:34.336+0000] {processor.py:208} INFO - Processing /opt/airflow/dags/daily_agro_data_quality.py took 0.160 seconds
[2026-04-16T23:20:04.704+0000] {processor.py:186} INFO - Started process (PID=344) to work on /opt/airflow/dags/daily_agro_data_quality.py
[2026-04-16T23:20:04.705+0000] {processor.py:914} INFO - Processing file /opt/airflow/dags/daily_agro_data_quality.py for tasks to queue
[2026-04-16T23:20:04.707+0000] {logging_mixin.py:190} INFO - [2026-04-16T23:20:04.707+0000] {dagbag.py:588} INFO - Filling up the DagBag from /opt/airflow/dags/daily_agro_data_quality.py
[2026-04-16T23:20:04.768+0000] {processor.py:925} INFO - DAG(s) 'daily_agro_data_quality' retrieved from /opt/airflow/dags/daily_agro_data_quality.py
[2026-04-16T23:20:04.796+0000] {logging_mixin.py:190} INFO - [2026-04-16T23:20:04.796+0000] {dag.py:3239} INFO - Sync 1 DAGs
[2026-04-16T23:20:04.816+0000] {logging_mixin.py:190} INFO - [2026-04-16T23:20:04.816+0000] {dag.py:4180} INFO - Setting next_dagrun for daily_agro_data_quality to 2026-04-16 01:30:00+00:00, run_after=2026-04-17 01:30:00+00:00
[2026-04-16T23:20:04.845+0000] {processor.py:208} INFO - Processing /opt/airflow/dags/daily_agro_data_quality.py took 0.146 seconds
[2026-04-16T23:20:35.246+0000] {processor.py:186} INFO - Started process (PID=354) to work on /opt/airflow/dags/daily_agro_data_quality.py
[2026-04-16T23:20:35.247+0000] {processor.py:914} INFO - Processing file /opt/airflow/dags/daily_agro_data_quality.py for tasks to queue
[2026-04-16T23:20:35.250+0000] {logging_mixin.py:190} INFO - [2026-04-16T23:20:35.250+0000] {dagbag.py:588} INFO - Filling up the DagBag from /opt/airflow/dags/daily_agro_data_quality.py
[2026-04-16T23:20:35.312+0000] {processor.py:925} INFO - DAG(s) 'daily_agro_data_quality' retrieved from /opt/airflow/dags/daily_agro_data_quality.py
[2026-04-16T23:20:35.340+0000] {logging_mixin.py:190} INFO - [2026-04-16T23:20:35.339+0000] {dag.py:3239} INFO - Sync 1 DAGs
[2026-04-16T23:20:35.360+0000] {logging_mixin.py:190} INFO - [2026-04-16T23:20:35.360+0000] {dag.py:4180} INFO - Setting next_dagrun for daily_agro_data_quality to 2026-04-16 01:30:00+00:00, run_after=2026-04-17 01:30:00+00:00
[2026-04-16T23:20:35.379+0000] {processor.py:208} INFO - Processing /opt/airflow/dags/daily_agro_data_quality.py took 0.139 seconds
[2026-04-16T23:21:05.813+0000] {processor.py:186} INFO - Started process (PID=364) to work on /opt/airflow/dags/daily_agro_data_quality.py
[2026-04-16T23:21:05.814+0000] {processor.py:914} INFO - Processing file /opt/airflow/dags/daily_agro_data_quality.py for tasks to queue
[2026-04-16T23:21:05.817+0000] {logging_mixin.py:190} INFO - [2026-04-16T23:21:05.817+0000] {dagbag.py:588} INFO - Filling up the DagBag from /opt/airflow/dags/daily_agro_data_quality.py
[2026-04-16T23:21:05.885+0000] {processor.py:925} INFO - DAG(s) 'daily_agro_data_quality' retrieved from /opt/airflow/dags/daily_agro_data_quality.py
[2026-04-16T23:21:05.917+0000] {logging_mixin.py:190} INFO - [2026-04-16T23:21:05.917+0000] {dag.py:3239} INFO - Sync 1 DAGs
[2026-04-16T23:21:05.941+0000] {logging_mixin.py:190} INFO - [2026-04-16T23:21:05.941+0000] {dag.py:4180} INFO - Setting next_dagrun for daily_agro_data_quality to 2026-04-16 01:30:00+00:00, run_after=2026-04-17 01:30:00+00:00
[2026-04-16T23:21:05.963+0000] {processor.py:208} INFO - Processing /opt/airflow/dags/daily_agro_data_quality.py took 0.158 seconds
[2026-04-16T23:21:36.374+0000] {processor.py:186} INFO - Started process (PID=374) to work on /opt/airflow/dags/daily_agro_data_quality.py
[2026-04-16T23:21:36.376+0000] {processor.py:914} INFO - Processing file /opt/airflow/dags/daily_agro_data_quality.py for tasks to queue
[2026-04-16T23:21:36.379+0000] {logging_mixin.py:190} INFO - [2026-04-16T23:21:36.378+0000] {dagbag.py:588} INFO - Filling up the DagBag from /opt/airflow/dags/daily_agro_data_quality.py
[2026-04-16T23:21:36.447+0000] {processor.py:925} INFO - DAG(s) 'daily_agro_data_quality' retrieved from /opt/airflow/dags/daily_agro_data_quality.py
[2026-04-16T23:21:36.479+0000] {logging_mixin.py:190} INFO - [2026-04-16T23:21:36.479+0000] {dag.py:3239} INFO - Sync 1 DAGs
[2026-04-16T23:21:36.514+0000] {logging_mixin.py:190} INFO - [2026-04-16T23:21:36.513+0000] {dag.py:4180} INFO - Setting next_dagrun for daily_agro_data_quality to 2026-04-16 01:30:00+00:00, run_after=2026-04-17 01:30:00+00:00
[2026-04-16T23:21:36.545+0000] {processor.py:208} INFO - Processing /opt/airflow/dags/daily_agro_data_quality.py took 0.176 seconds
[2026-04-16T23:22:06.748+0000] {processor.py:186} INFO - Started process (PID=386) to work on /opt/airflow/dags/daily_agro_data_quality.py
[2026-04-16T23:22:06.749+0000] {processor.py:914} INFO - Processing file /opt/airflow/dags/daily_agro_data_quality.py for tasks to queue
[2026-04-16T23:22:06.751+0000] {logging_mixin.py:190} INFO - [2026-04-16T23:22:06.751+0000] {dagbag.py:588} INFO - Filling up the DagBag from /opt/airflow/dags/daily_agro_data_quality.py
[2026-04-16T23:22:06.800+0000] {processor.py:925} INFO - DAG(s) 'daily_agro_data_quality' retrieved from /opt/airflow/dags/daily_agro_data_quality.py
[2026-04-16T23:22:06.830+0000] {logging_mixin.py:190} INFO - [2026-04-16T23:22:06.830+0000] {dag.py:3239} INFO - Sync 1 DAGs
[2026-04-16T23:22:06.852+0000] {logging_mixin.py:190} INFO - [2026-04-16T23:22:06.852+0000] {dag.py:4180} INFO - Setting next_dagrun for daily_agro_data_quality to 2026-04-16 01:30:00+00:00, run_after=2026-04-17 01:30:00+00:00
[2026-04-16T23:22:06.876+0000] {processor.py:208} INFO - Processing /opt/airflow/dags/daily_agro_data_quality.py took 0.134 seconds
[2026-04-16T23:22:37.319+0000] {processor.py:186} INFO - Started process (PID=396) to work on /opt/airflow/dags/daily_agro_data_quality.py
[2026-04-16T23:22:37.320+0000] {processor.py:914} INFO - Processing file /opt/airflow/dags/daily_agro_data_quality.py for tasks to queue
[2026-04-16T23:22:37.322+0000] {logging_mixin.py:190} INFO - [2026-04-16T23:22:37.322+0000] {dagbag.py:588} INFO - Filling up the DagBag from /opt/airflow/dags/daily_agro_data_quality.py
[2026-04-16T23:22:37.373+0000] {processor.py:925} INFO - DAG(s) 'daily_agro_data_quality' retrieved from /opt/airflow/dags/daily_agro_data_quality.py
[2026-04-16T23:22:37.400+0000] {logging_mixin.py:190} INFO - [2026-04-16T23:22:37.400+0000] {dag.py:3239} INFO - Sync 1 DAGs
[2026-04-16T23:22:37.420+0000] {logging_mixin.py:190} INFO - [2026-04-16T23:22:37.420+0000] {dag.py:4180} INFO - Setting next_dagrun for daily_agro_data_quality to 2026-04-16 01:30:00+00:00, run_after=2026-04-17 01:30:00+00:00
[2026-04-16T23:22:37.438+0000] {processor.py:208} INFO - Processing /opt/airflow/dags/daily_agro_data_quality.py took 0.126 seconds
[2026-04-16T23:23:07.797+0000] {processor.py:186} INFO - Started process (PID=406) to work on /opt/airflow/dags/daily_agro_data_quality.py
[2026-04-16T23:23:07.800+0000] {processor.py:914} INFO - Processing file /opt/airflow/dags/daily_agro_data_quality.py for tasks to queue
[2026-04-16T23:23:07.804+0000] {logging_mixin.py:190} INFO - [2026-04-16T23:23:07.804+0000] {dagbag.py:588} INFO - Filling up the DagBag from /opt/airflow/dags/daily_agro_data_quality.py
[2026-04-16T23:23:07.977+0000] {processor.py:925} INFO - DAG(s) 'daily_agro_data_quality' retrieved from /opt/airflow/dags/daily_agro_data_quality.py
[2026-04-16T23:23:08.001+0000] {logging_mixin.py:190} INFO - [2026-04-16T23:23:08.000+0000] {dag.py:3239} INFO - Sync 1 DAGs
[2026-04-16T23:23:08.019+0000] {logging_mixin.py:190} INFO - [2026-04-16T23:23:08.019+0000] {dag.py:4180} INFO - Setting next_dagrun for daily_agro_data_quality to 2026-04-16 01:30:00+00:00, run_after=2026-04-17 01:30:00+00:00
[2026-04-16T23:23:08.040+0000] {processor.py:208} INFO - Processing /opt/airflow/dags/daily_agro_data_quality.py took 0.248 seconds
[2026-04-16T23:23:38.444+0000] {processor.py:186} INFO - Started process (PID=416) to work on /opt/airflow/dags/daily_agro_data_quality.py
[2026-04-16T23:23:38.447+0000] {processor.py:914} INFO - Processing file /opt/airflow/dags/daily_agro_data_quality.py for tasks to queue
[2026-04-16T23:23:38.449+0000] {logging_mixin.py:190} INFO - [2026-04-16T23:23:38.449+0000] {dagbag.py:588} INFO - Filling up the DagBag from /opt/airflow/dags/daily_agro_data_quality.py
[2026-04-16T23:23:38.524+0000] {processor.py:925} INFO - DAG(s) 'daily_agro_data_quality' retrieved from /opt/airflow/dags/daily_agro_data_quality.py
[2026-04-16T23:23:38.548+0000] {logging_mixin.py:190} INFO - [2026-04-16T23:23:38.548+0000] {dag.py:3239} INFO - Sync 1 DAGs
[2026-04-16T23:23:38.566+0000] {logging_mixin.py:190} INFO - [2026-04-16T23:23:38.566+0000] {dag.py:4180} INFO - Setting next_dagrun for daily_agro_data_quality to 2026-04-16 01:30:00+00:00, run_after=2026-04-17 01:30:00+00:00
[2026-04-16T23:23:38.584+0000] {processor.py:208} INFO - Processing /opt/airflow/dags/daily_agro_data_quality.py took 0.145 seconds
[2026-04-16T23:24:09.411+0000] {processor.py:186} INFO - Started process (PID=431) to work on /opt/airflow/dags/daily_agro_data_quality.py
[2026-04-16T23:24:09.413+0000] {processor.py:914} INFO - Processing file /opt/airflow/dags/daily_agro_data_quality.py for tasks to queue
[2026-04-16T23:24:09.415+0000] {logging_mixin.py:190} INFO - [2026-04-16T23:24:09.415+0000] {dagbag.py:588} INFO - Filling up the DagBag from /opt/airflow/dags/daily_agro_data_quality.py
[2026-04-16T23:24:09.489+0000] {processor.py:925} INFO - DAG(s) 'daily_agro_data_quality' retrieved from /opt/airflow/dags/daily_agro_data_quality.py
[2026-04-16T23:24:09.512+0000] {logging_mixin.py:190} INFO - [2026-04-16T23:24:09.512+0000] {dag.py:3239} INFO - Sync 1 DAGs
[2026-04-16T23:24:09.531+0000] {logging_mixin.py:190} INFO - [2026-04-16T23:24:09.530+0000] {dag.py:4180} INFO - Setting next_dagrun for daily_agro_data_quality to 2026-04-16 01:30:00+00:00, run_after=2026-04-17 01:30:00+00:00
[2026-04-16T23:24:09.551+0000] {processor.py:208} INFO - Processing /opt/airflow/dags/daily_agro_data_quality.py took 0.146 seconds
[2026-04-16T23:24:39.965+0000] {processor.py:186} INFO - Started process (PID=441) to work on /opt/airflow/dags/daily_agro_data_quality.py
[2026-04-16T23:24:39.967+0000] {processor.py:914} INFO - Processing file /opt/airflow/dags/daily_agro_data_quality.py for tasks to queue
[2026-04-16T23:24:39.970+0000] {logging_mixin.py:190} INFO - [2026-04-16T23:24:39.970+0000] {dagbag.py:588} INFO - Filling up the DagBag from /opt/airflow/dags/daily_agro_data_quality.py
[2026-04-16T23:24:40.019+0000] {processor.py:925} INFO - DAG(s) 'daily_agro_data_quality' retrieved from /opt/airflow/dags/daily_agro_data_quality.py
[2026-04-16T23:24:40.040+0000] {logging_mixin.py:190} INFO - [2026-04-16T23:24:40.040+0000] {dag.py:3239} INFO - Sync 1 DAGs
[2026-04-16T23:24:40.058+0000] {logging_mixin.py:190} INFO - [2026-04-16T23:24:40.058+0000] {dag.py:4180} INFO - Setting next_dagrun for daily_agro_data_quality to 2026-04-16 01:30:00+00:00, run_after=2026-04-17 01:30:00+00:00
[2026-04-16T23:24:40.073+0000] {processor.py:208} INFO - Processing /opt/airflow/dags/daily_agro_data_quality.py took 0.114 seconds
[2026-04-16T23:25:10.442+0000] {processor.py:186} INFO - Started process (PID=451) to work on /opt/airflow/dags/daily_agro_data_quality.py
[2026-04-16T23:25:10.444+0000] {processor.py:914} INFO - Processing file /opt/airflow/dags/daily_agro_data_quality.py for tasks to queue
[2026-04-16T23:25:10.446+0000] {logging_mixin.py:190} INFO - [2026-04-16T23:25:10.446+0000] {dagbag.py:588} INFO - Filling up the DagBag from /opt/airflow/dags/daily_agro_data_quality.py
[2026-04-16T23:25:10.526+0000] {processor.py:925} INFO - DAG(s) 'daily_agro_data_quality' retrieved from /opt/airflow/dags/daily_agro_data_quality.py
[2026-04-16T23:25:10.549+0000] {logging_mixin.py:190} INFO - [2026-04-16T23:25:10.549+0000] {dag.py:3239} INFO - Sync 1 DAGs
[2026-04-16T23:25:10.568+0000] {logging_mixin.py:190} INFO - [2026-04-16T23:25:10.568+0000] {dag.py:4180} INFO - Setting next_dagrun for daily_agro_data_quality to 2026-04-16 01:30:00+00:00, run_after=2026-04-17 01:30:00+00:00
[2026-04-16T23:25:10.590+0000] {processor.py:208} INFO - Processing /opt/airflow/dags/daily_agro_data_quality.py took 0.154 seconds
[2026-04-16T23:25:41.035+0000] {processor.py:186} INFO - Started process (PID=461) to work on /opt/airflow/dags/daily_agro_data_quality.py
[2026-04-16T23:25:41.037+0000] {processor.py:914} INFO - Processing file /opt/airflow/dags/daily_agro_data_quality.py for tasks to queue
[2026-04-16T23:25:41.039+0000] {logging_mixin.py:190} INFO - [2026-04-16T23:25:41.039+0000] {dagbag.py:588} INFO - Filling up the DagBag from /opt/airflow/dags/daily_agro_data_quality.py
[2026-04-16T23:25:41.101+0000] {processor.py:925} INFO - DAG(s) 'daily_agro_data_quality' retrieved from /opt/airflow/dags/daily_agro_data_quality.py
[2026-04-16T23:25:41.124+0000] {logging_mixin.py:190} INFO - [2026-04-16T23:25:41.124+0000] {dag.py:3239} INFO - Sync 1 DAGs
[2026-04-16T23:25:41.144+0000] {logging_mixin.py:190} INFO - [2026-04-16T23:25:41.144+0000] {dag.py:4180} INFO - Setting next_dagrun for daily_agro_data_quality to 2026-04-16 01:30:00+00:00, run_after=2026-04-17 01:30:00+00:00
[2026-04-16T23:25:41.163+0000] {processor.py:208} INFO - Processing /opt/airflow/dags/daily_agro_data_quality.py took 0.132 seconds
[2026-04-16T23:26:11.535+0000] {processor.py:186} INFO - Started process (PID=471) to work on /opt/airflow/dags/daily_agro_data_quality.py
[2026-04-16T23:26:11.536+0000] {processor.py:914} INFO - Processing file /opt/airflow/dags/daily_agro_data_quality.py for tasks to queue
[2026-04-16T23:26:11.539+0000] {logging_mixin.py:190} INFO - [2026-04-16T23:26:11.539+0000] {dagbag.py:588} INFO - Filling up the DagBag from /opt/airflow/dags/daily_agro_data_quality.py
[2026-04-16T23:26:11.601+0000] {processor.py:925} INFO - DAG(s) 'daily_agro_data_quality' retrieved from /opt/airflow/dags/daily_agro_data_quality.py
[2026-04-16T23:26:11.627+0000] {logging_mixin.py:190} INFO - [2026-04-16T23:26:11.627+0000] {dag.py:3239} INFO - Sync 1 DAGs
[2026-04-16T23:26:11.646+0000] {logging_mixin.py:190} INFO - [2026-04-16T23:26:11.646+0000] {dag.py:4180} INFO - Setting next_dagrun for daily_agro_data_quality to 2026-04-16 01:30:00+00:00, run_after=2026-04-17 01:30:00+00:00
[2026-04-16T23:26:11.675+0000] {processor.py:208} INFO - Processing /opt/airflow/dags/daily_agro_data_quality.py took 0.146 seconds
[2026-04-16T23:26:42.074+0000] {processor.py:186} INFO - Started process (PID=481) to work on /opt/airflow/dags/daily_agro_data_quality.py
[2026-04-16T23:26:42.075+0000] {processor.py:914} INFO - Processing file /opt/airflow/dags/daily_agro_data_quality.py for tasks to queue
[2026-04-16T23:26:42.079+0000] {logging_mixin.py:190} INFO - [2026-04-16T23:26:42.078+0000] {dagbag.py:588} INFO - Filling up the DagBag from /opt/airflow/dags/daily_agro_data_quality.py
[2026-04-16T23:26:42.160+0000] {processor.py:925} INFO - DAG(s) 'daily_agro_data_quality' retrieved from /opt/airflow/dags/daily_agro_data_quality.py
[2026-04-16T23:26:42.184+0000] {logging_mixin.py:190} INFO - [2026-04-16T23:26:42.184+0000] {dag.py:3239} INFO - Sync 1 DAGs
[2026-04-16T23:26:42.203+0000] {logging_mixin.py:190} INFO - [2026-04-16T23:26:42.203+0000] {dag.py:4180} INFO - Setting next_dagrun for daily_agro_data_quality to 2026-04-16 01:30:00+00:00, run_after=2026-04-17 01:30:00+00:00
[2026-04-16T23:26:42.224+0000] {processor.py:208} INFO - Processing /opt/airflow/dags/daily_agro_data_quality.py took 0.157 seconds
[2026-04-16T23:27:12.603+0000] {processor.py:186} INFO - Started process (PID=491) to work on /opt/airflow/dags/daily_agro_data_quality.py
[2026-04-16T23:27:12.605+0000] {processor.py:914} INFO - Processing file /opt/airflow/dags/daily_agro_data_quality.py for tasks to queue
[2026-04-16T23:27:12.607+0000] {logging_mixin.py:190} INFO - [2026-04-16T23:27:12.607+0000] {dagbag.py:588} INFO - Filling up the DagBag from /opt/airflow/dags/daily_agro_data_quality.py
[2026-04-16T23:27:12.674+0000] {processor.py:925} INFO - DAG(s) 'daily_agro_data_quality' retrieved from /opt/airflow/dags/daily_agro_data_quality.py
[2026-04-16T23:27:12.698+0000] {logging_mixin.py:190} INFO - [2026-04-16T23:27:12.697+0000] {dag.py:3239} INFO - Sync 1 DAGs
[2026-04-16T23:27:12.715+0000] {logging_mixin.py:190} INFO - [2026-04-16T23:27:12.715+0000] {dag.py:4180} INFO - Setting next_dagrun for daily_agro_data_quality to 2026-04-16 01:30:00+00:00, run_after=2026-04-17 01:30:00+00:00
[2026-04-16T23:27:12.742+0000] {processor.py:208} INFO - Processing /opt/airflow/dags/daily_agro_data_quality.py took 0.144 seconds
[2026-04-16T23:27:43.244+0000] {processor.py:186} INFO - Started process (PID=501) to work on /opt/airflow/dags/daily_agro_data_quality.py
[2026-04-16T23:27:43.246+0000] {processor.py:914} INFO - Processing file /opt/airflow/dags/daily_agro_data_quality.py for tasks to queue
[2026-04-16T23:27:43.249+0000] {logging_mixin.py:190} INFO - [2026-04-16T23:27:43.249+0000] {dagbag.py:588} INFO - Filling up the DagBag from /opt/airflow/dags/daily_agro_data_quality.py
[2026-04-16T23:27:43.318+0000] {processor.py:925} INFO - DAG(s) 'daily_agro_data_quality' retrieved from /opt/airflow/dags/daily_agro_data_quality.py
[2026-04-16T23:27:43.354+0000] {logging_mixin.py:190} INFO - [2026-04-16T23:27:43.353+0000] {dag.py:3239} INFO - Sync 1 DAGs
[2026-04-16T23:27:43.379+0000] {logging_mixin.py:190} INFO - [2026-04-16T23:27:43.379+0000] {dag.py:4180} INFO - Setting next_dagrun for daily_agro_data_quality to 2026-04-16 01:30:00+00:00, run_after=2026-04-17 01:30:00+00:00
[2026-04-16T23:27:43.413+0000] {processor.py:208} INFO - Processing /opt/airflow/dags/daily_agro_data_quality.py took 0.175 seconds
[2026-04-16T23:28:13.842+0000] {processor.py:186} INFO - Started process (PID=511) to work on /opt/airflow/dags/daily_agro_data_quality.py
[2026-04-16T23:28:13.844+0000] {processor.py:914} INFO - Processing file /opt/airflow/dags/daily_agro_data_quality.py for tasks to queue
[2026-04-16T23:28:13.847+0000] {logging_mixin.py:190} INFO - [2026-04-16T23:28:13.846+0000] {dagbag.py:588} INFO - Filling up the DagBag from /opt/airflow/dags/daily_agro_data_quality.py
[2026-04-16T23:28:13.901+0000] {processor.py:925} INFO - DAG(s) 'daily_agro_data_quality' retrieved from /opt/airflow/dags/daily_agro_data_quality.py
[2026-04-16T23:28:13.923+0000] {logging_mixin.py:190} INFO - [2026-04-16T23:28:13.923+0000] {dag.py:3239} INFO - Sync 1 DAGs
[2026-04-16T23:28:13.941+0000] {logging_mixin.py:190} INFO - [2026-04-16T23:28:13.941+0000] {dag.py:4180} INFO - Setting next_dagrun for daily_agro_data_quality to 2026-04-16 01:30:00+00:00, run_after=2026-04-17 01:30:00+00:00
[2026-04-16T23:28:13.973+0000] {processor.py:208} INFO - Processing /opt/airflow/dags/daily_agro_data_quality.py took 0.137 seconds
[2026-04-16T23:28:44.359+0000] {processor.py:186} INFO - Started process (PID=521) to work on /opt/airflow/dags/daily_agro_data_quality.py
[2026-04-16T23:28:44.361+0000] {processor.py:914} INFO - Processing file /opt/airflow/dags/daily_agro_data_quality.py for tasks to queue
[2026-04-16T23:28:44.364+0000] {logging_mixin.py:190} INFO - [2026-04-16T23:28:44.364+0000] {dagbag.py:588} INFO - Filling up the DagBag from /opt/airflow/dags/daily_agro_data_quality.py
[2026-04-16T23:28:44.436+0000] {processor.py:925} INFO - DAG(s) 'daily_agro_data_quality' retrieved from /opt/airflow/dags/daily_agro_data_quality.py
[2026-04-16T23:28:44.464+0000] {logging_mixin.py:190} INFO - [2026-04-16T23:28:44.464+0000] {dag.py:3239} INFO - Sync 1 DAGs
[2026-04-16T23:28:44.486+0000] {logging_mixin.py:190} INFO - [2026-04-16T23:28:44.486+0000] {dag.py:4180} INFO - Setting next_dagrun for daily_agro_data_quality to 2026-04-16 01:30:00+00:00, run_after=2026-04-17 01:30:00+00:00
[2026-04-16T23:28:44.515+0000] {processor.py:208} INFO - Processing /opt/airflow/dags/daily_agro_data_quality.py took 0.161 seconds
[2026-04-16T23:29:14.889+0000] {processor.py:186} INFO - Started process (PID=531) to work on /opt/airflow/dags/daily_agro_data_quality.py
[2026-04-16T23:29:14.890+0000] {processor.py:914} INFO - Processing file /opt/airflow/dags/daily_agro_data_quality.py for tasks to queue
[2026-04-16T23:29:14.893+0000] {logging_mixin.py:190} INFO - [2026-04-16T23:29:14.892+0000] {dagbag.py:588} INFO - Filling up the DagBag from /opt/airflow/dags/daily_agro_data_quality.py
[2026-04-16T23:29:14.984+0000] {processor.py:925} INFO - DAG(s) 'daily_agro_data_quality' retrieved from /opt/airflow/dags/daily_agro_data_quality.py
[2026-04-16T23:29:15.024+0000] {logging_mixin.py:190} INFO - [2026-04-16T23:29:15.023+0000] {dag.py:3239} INFO - Sync 1 DAGs
[2026-04-16T23:29:15.046+0000] {logging_mixin.py:190} INFO - [2026-04-16T23:29:15.046+0000] {dag.py:4180} INFO - Setting next_dagrun for daily_agro_data_quality to 2026-04-16 01:30:00+00:00, run_after=2026-04-17 01:30:00+00:00
[2026-04-16T23:29:15.074+0000] {processor.py:208} INFO - Processing /opt/airflow/dags/daily_agro_data_quality.py took 0.191 seconds
[2026-04-16T23:30:28.955+0000] {processor.py:186} INFO - Started process (PID=194) to work on /opt/airflow/dags/daily_agro_data_quality.py
[2026-04-16T23:30:28.959+0000] {processor.py:914} INFO - Processing file /opt/airflow/dags/daily_agro_data_quality.py for tasks to queue
[2026-04-16T23:30:28.965+0000] {logging_mixin.py:190} INFO - [2026-04-16T23:30:28.964+0000] {dagbag.py:588} INFO - Filling up the DagBag from /opt/airflow/dags/daily_agro_data_quality.py
[2026-04-16T23:30:29.029+0000] {processor.py:925} INFO - DAG(s) 'daily_agro_data_quality' retrieved from /opt/airflow/dags/daily_agro_data_quality.py
[2026-04-16T23:30:29.067+0000] {logging_mixin.py:190} INFO - [2026-04-16T23:30:29.066+0000] {dag.py:3239} INFO - Sync 1 DAGs
[2026-04-16T23:30:29.088+0000] {logging_mixin.py:190} INFO - [2026-04-16T23:30:29.088+0000] {dag.py:4180} INFO - Setting next_dagrun for daily_agro_data_quality to 2026-04-16 01:30:00+00:00, run_after=2026-04-17 01:30:00+00:00
[2026-04-16T23:30:29.106+0000] {processor.py:208} INFO - Processing /opt/airflow/dags/daily_agro_data_quality.py took 0.155 seconds
[2026-04-16T23:30:59.745+0000] {processor.py:186} INFO - Started process (PID=204) to work on /opt/airflow/dags/daily_agro_data_quality.py
[2026-04-16T23:30:59.749+0000] {processor.py:914} INFO - Processing file /opt/airflow/dags/daily_agro_data_quality.py for tasks to queue
[2026-04-16T23:30:59.756+0000] {logging_mixin.py:190} INFO - [2026-04-16T23:30:59.755+0000] {dagbag.py:588} INFO - Filling up the DagBag from /opt/airflow/dags/daily_agro_data_quality.py
[2026-04-16T23:30:59.876+0000] {processor.py:925} INFO - DAG(s) 'daily_agro_data_quality' retrieved from /opt/airflow/dags/daily_agro_data_quality.py
[2026-04-16T23:30:59.900+0000] {logging_mixin.py:190} INFO - [2026-04-16T23:30:59.899+0000] {dag.py:3239} INFO - Sync 1 DAGs
[2026-04-16T23:30:59.918+0000] {logging_mixin.py:190} INFO - [2026-04-16T23:30:59.918+0000] {dag.py:4180} INFO - Setting next_dagrun for daily_agro_data_quality to 2026-04-16 01:30:00+00:00, run_after=2026-04-17 01:30:00+00:00
[2026-04-16T23:30:59.955+0000] {processor.py:208} INFO - Processing /opt/airflow/dags/daily_agro_data_quality.py took 0.216 seconds
[2026-04-16T23:31:30.290+0000] {processor.py:186} INFO - Started process (PID=214) to work on /opt/airflow/dags/daily_agro_data_quality.py
[2026-04-16T23:31:30.291+0000] {processor.py:914} INFO - Processing file /opt/airflow/dags/daily_agro_data_quality.py for tasks to queue
[2026-04-16T23:31:30.293+0000] {logging_mixin.py:190} INFO - [2026-04-16T23:31:30.293+0000] {dagbag.py:588} INFO - Filling up the DagBag from /opt/airflow/dags/daily_agro_data_quality.py
[2026-04-16T23:31:30.385+0000] {processor.py:925} INFO - DAG(s) 'daily_agro_data_quality' retrieved from /opt/airflow/dags/daily_agro_data_quality.py
[2026-04-16T23:31:30.410+0000] {logging_mixin.py:190} INFO - [2026-04-16T23:31:30.410+0000] {dag.py:3239} INFO - Sync 1 DAGs
[2026-04-16T23:31:30.425+0000] {logging_mixin.py:190} INFO - [2026-04-16T23:31:30.425+0000] {dag.py:4180} INFO - Setting next_dagrun for daily_agro_data_quality to 2026-04-16 01:30:00+00:00, run_after=2026-04-17 01:30:00+00:00
[2026-04-16T23:31:30.445+0000] {processor.py:208} INFO - Processing /opt/airflow/dags/daily_agro_data_quality.py took 0.161 seconds
[2026-04-16T23:32:01.019+0000] {processor.py:186} INFO - Started process (PID=224) to work on /opt/airflow/dags/daily_agro_data_quality.py
[2026-04-16T23:32:01.020+0000] {processor.py:914} INFO - Processing file /opt/airflow/dags/daily_agro_data_quality.py for tasks to queue
[2026-04-16T23:32:01.022+0000] {logging_mixin.py:190} INFO - [2026-04-16T23:32:01.022+0000] {dagbag.py:588} INFO - Filling up the DagBag from /opt/airflow/dags/daily_agro_data_quality.py
[2026-04-16T23:32:01.055+0000] {processor.py:925} INFO - DAG(s) 'daily_agro_data_quality' retrieved from /opt/airflow/dags/daily_agro_data_quality.py
[2026-04-16T23:32:01.078+0000] {logging_mixin.py:190} INFO - [2026-04-16T23:32:01.078+0000] {dag.py:3239} INFO - Sync 1 DAGs
[2026-04-16T23:32:01.095+0000] {logging_mixin.py:190} INFO - [2026-04-16T23:32:01.095+0000] {dag.py:4180} INFO - Setting next_dagrun for daily_agro_data_quality to 2026-04-16 01:30:00+00:00, run_after=2026-04-17 01:30:00+00:00
[2026-04-16T23:32:01.117+0000] {processor.py:208} INFO - Processing /opt/airflow/dags/daily_agro_data_quality.py took 0.103 seconds
[2026-04-16T23:32:31.760+0000] {processor.py:186} INFO - Started process (PID=389) to work on /opt/airflow/dags/daily_agro_data_quality.py
[2026-04-16T23:32:31.761+0000] {processor.py:914} INFO - Processing file /opt/airflow/dags/daily_agro_data_quality.py for tasks to queue
[2026-04-16T23:32:31.763+0000] {logging_mixin.py:190} INFO - [2026-04-16T23:32:31.763+0000] {dagbag.py:588} INFO - Filling up the DagBag from /opt/airflow/dags/daily_agro_data_quality.py
[2026-04-16T23:32:31.797+0000] {processor.py:925} INFO - DAG(s) 'daily_agro_data_quality' retrieved from /opt/airflow/dags/daily_agro_data_quality.py
[2026-04-16T23:32:31.820+0000] {logging_mixin.py:190} INFO - [2026-04-16T23:32:31.820+0000] {dag.py:3239} INFO - Sync 1 DAGs
[2026-04-16T23:32:31.837+0000] {logging_mixin.py:190} INFO - [2026-04-16T23:32:31.837+0000] {dag.py:4180} INFO - Setting next_dagrun for daily_agro_data_quality to 2026-04-16 01:30:00+00:00, run_after=2026-04-17 01:30:00+00:00
[2026-04-16T23:32:31.852+0000] {processor.py:208} INFO - Processing /opt/airflow/dags/daily_agro_data_quality.py took 0.099 seconds
[2026-04-16T23:33:02.534+0000] {processor.py:186} INFO - Started process (PID=429) to work on /opt/airflow/dags/daily_agro_data_quality.py
[2026-04-16T23:33:02.535+0000] {processor.py:914} INFO - Processing file /opt/airflow/dags/daily_agro_data_quality.py for tasks to queue
[2026-04-16T23:33:02.537+0000] {logging_mixin.py:190} INFO - [2026-04-16T23:33:02.536+0000] {dagbag.py:588} INFO - Filling up the DagBag from /opt/airflow/dags/daily_agro_data_quality.py
[2026-04-16T23:33:02.651+0000] {processor.py:925} INFO - DAG(s) 'daily_agro_data_quality' retrieved from /opt/airflow/dags/daily_agro_data_quality.py
[2026-04-16T23:33:02.674+0000] {logging_mixin.py:190} INFO - [2026-04-16T23:33:02.674+0000] {dag.py:3239} INFO - Sync 1 DAGs
[2026-04-16T23:33:02.690+0000] {logging_mixin.py:190} INFO - [2026-04-16T23:33:02.690+0000] {dag.py:4180} INFO - Setting next_dagrun for daily_agro_data_quality to 2026-04-16 01:30:00+00:00, run_after=2026-04-17 01:30:00+00:00
[2026-04-16T23:33:02.732+0000] {processor.py:208} INFO - Processing /opt/airflow/dags/daily_agro_data_quality.py took 0.202 seconds
[2026-04-16T23:33:33.059+0000] {processor.py:186} INFO - Started process (PID=439) to work on /opt/airflow/dags/daily_agro_data_quality.py
[2026-04-16T23:33:33.060+0000] {processor.py:914} INFO - Processing file /opt/airflow/dags/daily_agro_data_quality.py for tasks to queue
[2026-04-16T23:33:33.062+0000] {logging_mixin.py:190} INFO - [2026-04-16T23:33:33.061+0000] {dagbag.py:588} INFO - Filling up the DagBag from /opt/airflow/dags/daily_agro_data_quality.py
[2026-04-16T23:33:33.094+0000] {processor.py:925} INFO - DAG(s) 'daily_agro_data_quality' retrieved from /opt/airflow/dags/daily_agro_data_quality.py
[2026-04-16T23:33:33.117+0000] {logging_mixin.py:190} INFO - [2026-04-16T23:33:33.117+0000] {dag.py:3239} INFO - Sync 1 DAGs
[2026-04-16T23:33:33.135+0000] {logging_mixin.py:190} INFO - [2026-04-16T23:33:33.135+0000] {dag.py:4180} INFO - Setting next_dagrun for daily_agro_data_quality to 2026-04-16 01:30:00+00:00, run_after=2026-04-17 01:30:00+00:00
[2026-04-16T23:33:33.158+0000] {processor.py:208} INFO - Processing /opt/airflow/dags/daily_agro_data_quality.py took 0.105 seconds
[2026-04-16T23:34:03.463+0000] {processor.py:186} INFO - Started process (PID=449) to work on /opt/airflow/dags/daily_agro_data_quality.py
[2026-04-16T23:34:03.464+0000] {processor.py:914} INFO - Processing file /opt/airflow/dags/daily_agro_data_quality.py for tasks to queue
[2026-04-16T23:34:03.466+0000] {logging_mixin.py:190} INFO - [2026-04-16T23:34:03.466+0000] {dagbag.py:588} INFO - Filling up the DagBag from /opt/airflow/dags/daily_agro_data_quality.py
[2026-04-16T23:34:03.512+0000] {processor.py:925} INFO - DAG(s) 'daily_agro_data_quality' retrieved from /opt/airflow/dags/daily_agro_data_quality.py
[2026-04-16T23:34:03.535+0000] {logging_mixin.py:190} INFO - [2026-04-16T23:34:03.535+0000] {dag.py:3239} INFO - Sync 1 DAGs
[2026-04-16T23:34:03.552+0000] {logging_mixin.py:190} INFO - [2026-04-16T23:34:03.552+0000] {dag.py:4180} INFO - Setting next_dagrun for daily_agro_data_quality to 2026-04-16 01:30:00+00:00, run_after=2026-04-17 01:30:00+00:00
[2026-04-16T23:34:03.568+0000] {processor.py:208} INFO - Processing /opt/airflow/dags/daily_agro_data_quality.py took 0.108 seconds
[2026-04-16T23:34:34.113+0000] {processor.py:186} INFO - Started process (PID=459) to work on /opt/airflow/dags/daily_agro_data_quality.py
[2026-04-16T23:34:34.114+0000] {processor.py:914} INFO - Processing file /opt/airflow/dags/daily_agro_data_quality.py for tasks to queue
[2026-04-16T23:34:34.117+0000] {logging_mixin.py:190} INFO - [2026-04-16T23:34:34.117+0000] {dagbag.py:588} INFO - Filling up the DagBag from /opt/airflow/dags/daily_agro_data_quality.py
[2026-04-16T23:34:34.162+0000] {processor.py:925} INFO - DAG(s) 'daily_agro_data_quality' retrieved from /opt/airflow/dags/daily_agro_data_quality.py
[2026-04-16T23:34:34.187+0000] {logging_mixin.py:190} INFO - [2026-04-16T23:34:34.187+0000] {dag.py:3239} INFO - Sync 1 DAGs
[2026-04-16T23:34:34.206+0000] {logging_mixin.py:190} INFO - [2026-04-16T23:34:34.206+0000] {dag.py:4180} INFO - Setting next_dagrun for daily_agro_data_quality to 2026-04-16 01:30:00+00:00, run_after=2026-04-17 01:30:00+00:00
[2026-04-16T23:34:34.232+0000] {processor.py:208} INFO - Processing /opt/airflow/dags/daily_agro_data_quality.py took 0.123 seconds
[2026-04-16T23:35:04.827+0000] {processor.py:186} INFO - Started process (PID=475) to work on /opt/airflow/dags/daily_agro_data_quality.py
[2026-04-16T23:35:04.829+0000] {processor.py:914} INFO - Processing file /opt/airflow/dags/daily_agro_data_quality.py for tasks to queue
[2026-04-16T23:35:04.831+0000] {logging_mixin.py:190} INFO - [2026-04-16T23:35:04.831+0000] {dagbag.py:588} INFO - Filling up the DagBag from /opt/airflow/dags/daily_agro_data_quality.py
[2026-04-16T23:35:04.928+0000] {processor.py:925} INFO - DAG(s) 'daily_agro_data_quality' retrieved from /opt/airflow/dags/daily_agro_data_quality.py
[2026-04-16T23:35:04.953+0000] {logging_mixin.py:190} INFO - [2026-04-16T23:35:04.953+0000] {dag.py:3239} INFO - Sync 1 DAGs
[2026-04-16T23:35:04.972+0000] {logging_mixin.py:190} INFO - [2026-04-16T23:35:04.972+0000] {dag.py:4180} INFO - Setting next_dagrun for daily_agro_data_quality to 2026-04-16 01:30:00+00:00, run_after=2026-04-17 01:30:00+00:00
[2026-04-16T23:35:04.989+0000] {processor.py:208} INFO - Processing /opt/airflow/dags/daily_agro_data_quality.py took 0.166 seconds
[2026-04-16T23:35:35.835+0000] {processor.py:186} INFO - Started process (PID=485) to work on /opt/airflow/dags/daily_agro_data_quality.py
[2026-04-16T23:35:35.836+0000] {processor.py:914} INFO - Processing file /opt/airflow/dags/daily_agro_data_quality.py for tasks to queue
[2026-04-16T23:35:35.842+0000] {logging_mixin.py:190} INFO - [2026-04-16T23:35:35.842+0000] {dagbag.py:588} INFO - Filling up the DagBag from /opt/airflow/dags/daily_agro_data_quality.py
[2026-04-16T23:35:35.939+0000] {processor.py:925} INFO - DAG(s) 'daily_agro_data_quality' retrieved from /opt/airflow/dags/daily_agro_data_quality.py
[2026-04-16T23:35:35.962+0000] {logging_mixin.py:190} INFO - [2026-04-16T23:35:35.962+0000] {dag.py:3239} INFO - Sync 1 DAGs
[2026-04-16T23:35:35.979+0000] {logging_mixin.py:190} INFO - [2026-04-16T23:35:35.979+0000] {dag.py:4180} INFO - Setting next_dagrun for daily_agro_data_quality to 2026-04-16 01:30:00+00:00, run_after=2026-04-17 01:30:00+00:00
[2026-04-16T23:35:36.002+0000] {processor.py:208} INFO - Processing /opt/airflow/dags/daily_agro_data_quality.py took 0.172 seconds
[2026-04-16T23:36:06.697+0000] {processor.py:186} INFO - Started process (PID=495) to work on /opt/airflow/dags/daily_agro_data_quality.py
[2026-04-16T23:36:06.698+0000] {processor.py:914} INFO - Processing file /opt/airflow/dags/daily_agro_data_quality.py for tasks to queue
[2026-04-16T23:36:06.700+0000] {logging_mixin.py:190} INFO - [2026-04-16T23:36:06.700+0000] {dagbag.py:588} INFO - Filling up the DagBag from /opt/airflow/dags/daily_agro_data_quality.py
[2026-04-16T23:36:06.743+0000] {processor.py:925} INFO - DAG(s) 'daily_agro_data_quality' retrieved from /opt/airflow/dags/daily_agro_data_quality.py
[2026-04-16T23:36:06.765+0000] {logging_mixin.py:190} INFO - [2026-04-16T23:36:06.764+0000] {dag.py:3239} INFO - Sync 1 DAGs
[2026-04-16T23:36:06.782+0000] {logging_mixin.py:190} INFO - [2026-04-16T23:36:06.782+0000] {dag.py:4180} INFO - Setting next_dagrun for daily_agro_data_quality to 2026-04-16 01:30:00+00:00, run_after=2026-04-17 01:30:00+00:00
[2026-04-16T23:36:06.799+0000] {processor.py:208} INFO - Processing /opt/airflow/dags/daily_agro_data_quality.py took 0.107 seconds
[2026-04-16T23:36:37.465+0000] {processor.py:186} INFO - Started process (PID=505) to work on /opt/airflow/dags/daily_agro_data_quality.py
[2026-04-16T23:36:37.465+0000] {processor.py:914} INFO - Processing file /opt/airflow/dags/daily_agro_data_quality.py for tasks to queue
[2026-04-16T23:36:37.467+0000] {logging_mixin.py:190} INFO - [2026-04-16T23:36:37.467+0000] {dagbag.py:588} INFO - Filling up the DagBag from /opt/airflow/dags/daily_agro_data_quality.py
[2026-04-16T23:36:37.501+0000] {processor.py:925} INFO - DAG(s) 'daily_agro_data_quality' retrieved from /opt/airflow/dags/daily_agro_data_quality.py
[2026-04-16T23:36:37.524+0000] {logging_mixin.py:190} INFO - [2026-04-16T23:36:37.524+0000] {dag.py:3239} INFO - Sync 1 DAGs
[2026-04-16T23:36:37.543+0000] {logging_mixin.py:190} INFO - [2026-04-16T23:36:37.543+0000] {dag.py:4180} INFO - Setting next_dagrun for daily_agro_data_quality to 2026-04-16 01:30:00+00:00, run_after=2026-04-17 01:30:00+00:00
[2026-04-16T23:36:37.580+0000] {processor.py:208} INFO - Processing /opt/airflow/dags/daily_agro_data_quality.py took 0.120 seconds
[2026-04-16T23:37:08.058+0000] {processor.py:186} INFO - Started process (PID=515) to work on /opt/airflow/dags/daily_agro_data_quality.py
[2026-04-16T23:37:08.059+0000] {processor.py:914} INFO - Processing file /opt/airflow/dags/daily_agro_data_quality.py for tasks to queue
[2026-04-16T23:37:08.061+0000] {logging_mixin.py:190} INFO - [2026-04-16T23:37:08.061+0000] {dagbag.py:588} INFO - Filling up the DagBag from /opt/airflow/dags/daily_agro_data_quality.py
[2026-04-16T23:37:08.084+0000] {processor.py:925} INFO - DAG(s) 'daily_agro_data_quality' retrieved from /opt/airflow/dags/daily_agro_data_quality.py
[2026-04-16T23:37:08.106+0000] {logging_mixin.py:190} INFO - [2026-04-16T23:37:08.106+0000] {dag.py:3239} INFO - Sync 1 DAGs
[2026-04-16T23:37:08.124+0000] {logging_mixin.py:190} INFO - [2026-04-16T23:37:08.123+0000] {dag.py:4180} INFO - Setting next_dagrun for daily_agro_data_quality to 2026-04-16 01:30:00+00:00, run_after=2026-04-17 01:30:00+00:00
[2026-04-16T23:37:08.138+0000] {processor.py:208} INFO - Processing /opt/airflow/dags/daily_agro_data_quality.py took 0.085 seconds
[2026-04-16T23:37:38.503+0000] {processor.py:186} INFO - Started process (PID=525) to work on /opt/airflow/dags/daily_agro_data_quality.py
[2026-04-16T23:37:38.504+0000] {processor.py:914} INFO - Processing file /opt/airflow/dags/daily_agro_data_quality.py for tasks to queue
[2026-04-16T23:37:38.506+0000] {logging_mixin.py:190} INFO - [2026-04-16T23:37:38.506+0000] {dagbag.py:588} INFO - Filling up the DagBag from /opt/airflow/dags/daily_agro_data_quality.py
[2026-04-16T23:37:38.529+0000] {processor.py:925} INFO - DAG(s) 'daily_agro_data_quality' retrieved from /opt/airflow/dags/daily_agro_data_quality.py
[2026-04-16T23:37:38.550+0000] {logging_mixin.py:190} INFO - [2026-04-16T23:37:38.550+0000] {dag.py:3239} INFO - Sync 1 DAGs
[2026-04-16T23:37:38.568+0000] {logging_mixin.py:190} INFO - [2026-04-16T23:37:38.568+0000] {dag.py:4180} INFO - Setting next_dagrun for daily_agro_data_quality to 2026-04-16 01:30:00+00:00, run_after=2026-04-17 01:30:00+00:00
[2026-04-16T23:37:38.584+0000] {processor.py:208} INFO - Processing /opt/airflow/dags/daily_agro_data_quality.py took 0.086 seconds
[2026-04-16T23:38:08.901+0000] {processor.py:186} INFO - Started process (PID=535) to work on /opt/airflow/dags/daily_agro_data_quality.py
[2026-04-16T23:38:08.902+0000] {processor.py:914} INFO - Processing file /opt/airflow/dags/daily_agro_data_quality.py for tasks to queue
[2026-04-16T23:38:08.905+0000] {logging_mixin.py:190} INFO - [2026-04-16T23:38:08.904+0000] {dagbag.py:588} INFO - Filling up the DagBag from /opt/airflow/dags/daily_agro_data_quality.py
[2026-04-16T23:38:08.946+0000] {processor.py:925} INFO - DAG(s) 'daily_agro_data_quality' retrieved from /opt/airflow/dags/daily_agro_data_quality.py
[2026-04-16T23:38:08.968+0000] {logging_mixin.py:190} INFO - [2026-04-16T23:38:08.967+0000] {dag.py:3239} INFO - Sync 1 DAGs
[2026-04-16T23:38:08.986+0000] {logging_mixin.py:190} INFO - [2026-04-16T23:38:08.986+0000] {dag.py:4180} INFO - Setting next_dagrun for daily_agro_data_quality to 2026-04-16 01:30:00+00:00, run_after=2026-04-17 01:30:00+00:00
[2026-04-16T23:38:09.003+0000] {processor.py:208} INFO - Processing /opt/airflow/dags/daily_agro_data_quality.py took 0.107 seconds
