[2026-04-16T23:32:27.128+0000] {local_task_job_runner.py:123} INFO - ::group::Pre task execution logs
[2026-04-16T23:32:27.147+0000] {taskinstance.py:2613} INFO - Dependencies all met for dep_context=non-requeueable deps ti=<TaskInstance: daily_agro_batch_pipeline.capture_target_rowcount_before manual__2026-04-16T23:32:22.598367+00:00 [queued]>
[2026-04-16T23:32:27.168+0000] {taskinstance.py:2613} INFO - Dependencies all met for dep_context=requeueable deps ti=<TaskInstance: daily_agro_batch_pipeline.capture_target_rowcount_before manual__2026-04-16T23:32:22.598367+00:00 [queued]>
[2026-04-16T23:32:27.183+0000] {taskinstance.py:2866} INFO - Starting attempt 1 of 2
[2026-04-16T23:32:27.206+0000] {taskinstance.py:2889} INFO - Executing <Task(PythonOperator): capture_target_rowcount_before> on 2026-04-16 23:32:22.598367+00:00
[2026-04-16T23:32:27.219+0000] {standard_task_runner.py:72} INFO - Started process 241 to run task
[2026-04-16T23:32:27.223+0000] {standard_task_runner.py:104} INFO - Running: ['airflow', 'tasks', 'run', 'daily_***_batch_pipeline', 'capture_target_rowcount_before', 'manual__2026-04-16T23:32:22.598367+00:00', '--job-id', '13', '--raw', '--subdir', 'DAGS_FOLDER/daily_***_batch_pipeline.py', '--cfg-path', '/tmp/tmpojbx7lig']
[2026-04-16T23:32:27.230+0000] {standard_task_runner.py:105} INFO - Job 13: Subtask capture_target_rowcount_before
[2026-04-16T23:32:27.300+0000] {task_command.py:467} INFO - Running <TaskInstance: daily_agro_batch_pipeline.capture_target_rowcount_before manual__2026-04-16T23:32:22.598367+00:00 [running]> on host 6c89bbd468c7
[2026-04-16T23:32:27.361+0000] {taskinstance.py:3132} INFO - Exporting env vars: AIRFLOW_CTX_DAG_OWNER='data-engineering' AIRFLOW_CTX_DAG_ID='daily_***_batch_pipeline' AIRFLOW_CTX_TASK_ID='capture_target_rowcount_before' AIRFLOW_CTX_EXECUTION_DATE='2026-04-16T23:32:22.598367+00:00' AIRFLOW_CTX_TRY_NUMBER='1' AIRFLOW_CTX_DAG_RUN_ID='manual__2026-04-16T23:32:22.598367+00:00'
[2026-04-16T23:32:27.364+0000] {taskinstance.py:731} INFO - ::endgroup::
[2026-04-16T23:32:27.384+0000] {crypto.py:82} WARNING - empty cryptography key - values will not be stored encrypted.
[2026-04-16T23:32:27.388+0000] {base.py:84} INFO - Retrieving connection '***_postgres'
[2026-04-16T23:32:27.398+0000] {sql.py:553} INFO - Running statement: SELECT COUNT(*) FROM daily_***_kpi_batch;, parameters: None
[2026-04-16T23:32:27.407+0000] {sql.py:562} INFO - Rows affected: 1
[2026-04-16T23:32:27.421+0000] {logging_mixin.py:190} INFO - [batch-check] target rows before load: 840
[2026-04-16T23:32:27.426+0000] {python.py:240} INFO - Done. Returned value was: None
[2026-04-16T23:32:27.436+0000] {taskinstance.py:340} INFO - ::group::Post task execution logs
[2026-04-16T23:32:27.441+0000] {taskinstance.py:352} INFO - Marking task as SUCCESS. dag_id=daily_***_batch_pipeline, task_id=capture_target_rowcount_before, run_id=manual__2026-04-16T23:32:22.598367+00:00, execution_date=20260416T233222, start_date=20260416T233227, end_date=20260416T233227
[2026-04-16T23:32:27.483+0000] {local_task_job_runner.py:266} INFO - Task exited with return code 0
[2026-04-16T23:32:27.508+0000] {taskinstance.py:3895} INFO - 1 downstream tasks scheduled from follow-on schedule check
[2026-04-16T23:32:27.518+0000] {local_task_job_runner.py:245} INFO - ::endgroup::
