[2026-04-16T23:00:43.181+0000] {local_task_job_runner.py:123} INFO - ::group::Pre task execution logs
[2026-04-16T23:00:43.207+0000] {taskinstance.py:2613} INFO - Dependencies all met for dep_context=non-requeueable deps ti=<TaskInstance: daily_agro_data_quality.init_quality_table scheduled__2026-04-15T01:30:00+00:00 [queued]>
[2026-04-16T23:00:43.220+0000] {taskinstance.py:2613} INFO - Dependencies all met for dep_context=requeueable deps ti=<TaskInstance: daily_agro_data_quality.init_quality_table scheduled__2026-04-15T01:30:00+00:00 [queued]>
[2026-04-16T23:00:43.229+0000] {taskinstance.py:2866} INFO - Starting attempt 1 of 2
[2026-04-16T23:00:43.252+0000] {taskinstance.py:2889} INFO - Executing <Task(PythonOperator): init_quality_table> on 2026-04-15 01:30:00+00:00
[2026-04-16T23:00:43.259+0000] {standard_task_runner.py:72} INFO - Started process 203 to run task
[2026-04-16T23:00:43.263+0000] {standard_task_runner.py:104} INFO - Running: ['airflow', 'tasks', 'run', 'daily_***_data_quality', 'init_quality_table', 'scheduled__2026-04-15T01:30:00+00:00', '--job-id', '6', '--raw', '--subdir', 'DAGS_FOLDER/daily_***_data_quality.py', '--cfg-path', '/tmp/tmp0glrc9qo']
[2026-04-16T23:00:43.271+0000] {standard_task_runner.py:105} INFO - Job 6: Subtask init_quality_table
[2026-04-16T23:00:43.344+0000] {task_command.py:467} INFO - Running <TaskInstance: daily_agro_data_quality.init_quality_table scheduled__2026-04-15T01:30:00+00:00 [running]> on host 89a81806d652
[2026-04-16T23:00:43.428+0000] {taskinstance.py:3132} INFO - Exporting env vars: AIRFLOW_CTX_DAG_OWNER='data-engineering' AIRFLOW_CTX_DAG_ID='daily_***_data_quality' AIRFLOW_CTX_TASK_ID='init_quality_table' AIRFLOW_CTX_EXECUTION_DATE='2026-04-15T01:30:00+00:00' AIRFLOW_CTX_TRY_NUMBER='1' AIRFLOW_CTX_DAG_RUN_ID='scheduled__2026-04-15T01:30:00+00:00'
[2026-04-16T23:00:43.436+0000] {taskinstance.py:731} INFO - ::endgroup::
[2026-04-16T23:00:43.477+0000] {crypto.py:82} WARNING - empty cryptography key - values will not be stored encrypted.
[2026-04-16T23:00:43.491+0000] {base.py:84} INFO - Retrieving connection '***_postgres'
[2026-04-16T23:00:43.516+0000] {sql.py:553} INFO - Running statement: 
        CREATE TABLE IF NOT EXISTS daily_data_quality_results (
            id SERIAL PRIMARY KEY,
            run_id VARCHAR(64) NOT NULL,
            check_name VARCHAR(200) NOT NULL,
            severity VARCHAR(20) NOT NULL,
            status VARCHAR(20) NOT NULL,
            failed_rows INT NOT NULL,
            details TEXT,
            created_at TIMESTAMP DEFAULT CURRENT_TIMESTAMP
        );
        , parameters: None
[2026-04-16T23:00:43.561+0000] {python.py:240} INFO - Done. Returned value was: None
[2026-04-16T23:00:43.575+0000] {taskinstance.py:340} INFO - ::group::Post task execution logs
[2026-04-16T23:00:43.580+0000] {taskinstance.py:352} INFO - Marking task as SUCCESS. dag_id=daily_***_data_quality, task_id=init_quality_table, run_id=scheduled__2026-04-15T01:30:00+00:00, execution_date=20260415T013000, start_date=20260416T230043, end_date=20260416T230043
[2026-04-16T23:00:43.603+0000] {local_task_job_runner.py:266} INFO - Task exited with return code 0
[2026-04-16T23:00:43.625+0000] {taskinstance.py:3895} INFO - 1 downstream tasks scheduled from follow-on schedule check
[2026-04-16T23:00:43.630+0000] {local_task_job_runner.py:245} INFO - ::endgroup::
