[2026-04-16T23:34:39.174+0000] {local_task_job_runner.py:123} INFO - ::group::Pre task execution logs
[2026-04-16T23:34:39.200+0000] {taskinstance.py:2613} INFO - Dependencies all met for dep_context=non-requeueable deps ti=<TaskInstance: daily_agro_data_quality.run_quality_gate manual__2026-04-16T23:34:36.609569+00:00 [queued]>
[2026-04-16T23:34:39.220+0000] {taskinstance.py:2613} INFO - Dependencies all met for dep_context=requeueable deps ti=<TaskInstance: daily_agro_data_quality.run_quality_gate manual__2026-04-16T23:34:36.609569+00:00 [queued]>
[2026-04-16T23:34:39.232+0000] {taskinstance.py:2866} INFO - Starting attempt 1 of 2
[2026-04-16T23:34:39.260+0000] {taskinstance.py:2889} INFO - Executing <Task(PythonOperator): run_quality_gate> on 2026-04-16 23:34:36.609569+00:00
[2026-04-16T23:34:39.268+0000] {standard_task_runner.py:72} INFO - Started process 470 to run task
[2026-04-16T23:34:39.272+0000] {standard_task_runner.py:104} INFO - Running: ['airflow', 'tasks', 'run', 'daily_***_data_quality', 'run_quality_gate', 'manual__2026-04-16T23:34:36.609569+00:00', '--job-id', '17', '--raw', '--subdir', 'DAGS_FOLDER/daily_***_data_quality.py', '--cfg-path', '/tmp/tmpy0b0k8aa']
[2026-04-16T23:34:39.278+0000] {standard_task_runner.py:105} INFO - Job 17: Subtask run_quality_gate
[2026-04-16T23:34:39.331+0000] {task_command.py:467} INFO - Running <TaskInstance: daily_agro_data_quality.run_quality_gate manual__2026-04-16T23:34:36.609569+00:00 [running]> on host 6c89bbd468c7
[2026-04-16T23:34:39.388+0000] {taskinstance.py:3132} INFO - Exporting env vars: AIRFLOW_CTX_DAG_OWNER='data-engineering' AIRFLOW_CTX_DAG_ID='daily_***_data_quality' AIRFLOW_CTX_TASK_ID='run_quality_gate' AIRFLOW_CTX_EXECUTION_DATE='2026-04-16T23:34:36.609569+00:00' AIRFLOW_CTX_TRY_NUMBER='1' AIRFLOW_CTX_DAG_RUN_ID='manual__2026-04-16T23:34:36.609569+00:00'
[2026-04-16T23:34:39.390+0000] {taskinstance.py:731} INFO - ::endgroup::
[2026-04-16T23:34:39.399+0000] {crypto.py:82} WARNING - empty cryptography key - values will not be stored encrypted.
[2026-04-16T23:34:39.402+0000] {base.py:84} INFO - Retrieving connection '***_postgres'
[2026-04-16T23:34:39.408+0000] {sql.py:553} INFO - Running statement: 
                SELECT COUNT(*)
                FROM daily_farm_performance
                WHERE parcelle_id IS NULL
                   OR region IS NULL
                   OR culture IS NULL
                   OR date_obs IS NULL;
            , parameters: None
[2026-04-16T23:34:39.410+0000] {sql.py:562} INFO - Rows affected: 1
[2026-04-16T23:34:39.415+0000] {sql.py:553} INFO - Running statement: 
            INSERT INTO daily_data_quality_results (run_id, check_name, severity, status, failed_rows, details)
            VALUES (%s, %s, %s, %s, %s, %s);
            , parameters: ('20260416T233439Z', 'farm_null_critical_fields', 'error', 'PASS', 0, 'Champs critiques vides dans daily_farm_performance')
[2026-04-16T23:34:39.418+0000] {sql.py:562} INFO - Rows affected: 1
[2026-04-16T23:34:39.423+0000] {sql.py:553} INFO - Running statement: 
                SELECT COUNT(*)
                FROM daily_market_prices
                WHERE region IS NULL
                   OR culture IS NULL
                   OR date_prix IS NULL;
            , parameters: None
[2026-04-16T23:34:39.426+0000] {sql.py:562} INFO - Rows affected: 1
[2026-04-16T23:34:39.431+0000] {sql.py:553} INFO - Running statement: 
            INSERT INTO daily_data_quality_results (run_id, check_name, severity, status, failed_rows, details)
            VALUES (%s, %s, %s, %s, %s, %s);
            , parameters: ('20260416T233439Z', 'market_null_critical_fields', 'error', 'PASS', 0, 'Champs critiques vides dans daily_market_prices')
[2026-04-16T23:34:39.432+0000] {sql.py:562} INFO - Rows affected: 1
[2026-04-16T23:34:39.438+0000] {sql.py:553} INFO - Running statement: 
                SELECT COUNT(*)
                FROM (
                    SELECT parcelle_id, date_obs, COUNT(*) AS c
                    FROM daily_farm_performance
                    GROUP BY parcelle_id, date_obs
                    HAVING COUNT(*) > 1
                ) t;
            , parameters: None
[2026-04-16T23:34:39.441+0000] {sql.py:562} INFO - Rows affected: 1
[2026-04-16T23:34:39.446+0000] {sql.py:553} INFO - Running statement: 
            INSERT INTO daily_data_quality_results (run_id, check_name, severity, status, failed_rows, details)
            VALUES (%s, %s, %s, %s, %s, %s);
            , parameters: ('20260416T233439Z', 'farm_duplicate_business_key', 'error', 'PASS', 0, 'Doublons sur la cle metier parcelle_id + date_obs')
[2026-04-16T23:34:39.448+0000] {sql.py:562} INFO - Rows affected: 1
[2026-04-16T23:34:39.454+0000] {sql.py:553} INFO - Running statement: 
                SELECT COUNT(*)
                FROM (
                    SELECT region, culture, date_prix, COUNT(*) AS c
                    FROM daily_market_prices
                    GROUP BY region, culture, date_prix
                    HAVING COUNT(*) > 1
                ) t;
            , parameters: None
[2026-04-16T23:34:39.456+0000] {sql.py:562} INFO - Rows affected: 1
[2026-04-16T23:34:39.460+0000] {sql.py:553} INFO - Running statement: 
            INSERT INTO daily_data_quality_results (run_id, check_name, severity, status, failed_rows, details)
            VALUES (%s, %s, %s, %s, %s, %s);
            , parameters: ('20260416T233439Z', 'market_duplicate_business_key', 'error', 'PASS', 0, 'Doublons sur la cle metier region + culture + date_prix')
[2026-04-16T23:34:39.462+0000] {sql.py:562} INFO - Rows affected: 1
[2026-04-16T23:34:39.467+0000] {sql.py:553} INFO - Running statement: 
                SELECT COUNT(*)
                FROM daily_farm_performance
                WHERE surface_ha < 0
                   OR rendement_estime_kg_ha < 0
                   OR production_estimee_tonnes < 0
                   OR biomasse_estimee < 0
                   OR besoin_eau_estime_mm < 0
                   OR cout_journalier_fcfa < 0
                   OR revenu_estime_fcfa < 0;
            , parameters: None
[2026-04-16T23:34:39.470+0000] {sql.py:562} INFO - Rows affected: 1
[2026-04-16T23:34:39.475+0000] {sql.py:553} INFO - Running statement: 
            INSERT INTO daily_data_quality_results (run_id, check_name, severity, status, failed_rows, details)
            VALUES (%s, %s, %s, %s, %s, %s);
            , parameters: ('20260416T233439Z', 'farm_negative_values', 'error', 'PASS', 0, 'Valeurs negatives interdites cote farm')
[2026-04-16T23:34:39.477+0000] {sql.py:562} INFO - Rows affected: 1
[2026-04-16T23:34:39.487+0000] {sql.py:553} INFO - Running statement: 
                SELECT COUNT(*)
                FROM daily_market_prices
                WHERE prix_kg_fcfa < 0
                   OR prix_tonne_fcfa < 0
                   OR demande_locale < 0
                   OR offre_disponible_tonnes < 0
                   OR cout_transport_fcfa < 0
                   OR revenu_potentiel_fcfa < 0;
            , parameters: None
[2026-04-16T23:34:39.492+0000] {sql.py:562} INFO - Rows affected: 1
[2026-04-16T23:34:39.497+0000] {sql.py:553} INFO - Running statement: 
            INSERT INTO daily_data_quality_results (run_id, check_name, severity, status, failed_rows, details)
            VALUES (%s, %s, %s, %s, %s, %s);
            , parameters: ('20260416T233439Z', 'market_negative_values', 'error', 'PASS', 0, 'Valeurs negatives interdites cote marche')
[2026-04-16T23:34:39.499+0000] {sql.py:562} INFO - Rows affected: 1
[2026-04-16T23:34:39.507+0000] {sql.py:553} INFO - Running statement: 
                SELECT COUNT(*)
                FROM daily_farm_performance
                WHERE stress_hydrique_score NOT BETWEEN 0 AND 5
                   OR fertilite_sol_score NOT BETWEEN 0 AND 10
                   OR risque_maladie_score NOT BETWEEN 0 AND 5
                   OR score_sante_culture NOT BETWEEN 0 AND 10;
            , parameters: None
[2026-04-16T23:34:39.510+0000] {sql.py:562} INFO - Rows affected: 1
[2026-04-16T23:34:39.515+0000] {sql.py:553} INFO - Running statement: 
            INSERT INTO daily_data_quality_results (run_id, check_name, severity, status, failed_rows, details)
            VALUES (%s, %s, %s, %s, %s, %s);
            , parameters: ('20260416T233439Z', 'farm_scores_out_of_range', 'warning', 'PASS', 0, 'Scores hors bornes metier attendues')
[2026-04-16T23:34:39.517+0000] {sql.py:562} INFO - Rows affected: 1
[2026-04-16T23:34:39.523+0000] {sql.py:553} INFO - Running statement: 
                SELECT COUNT(*)
                FROM daily_market_prices
                WHERE indice_penurie NOT BETWEEN 0 AND 5
                   OR indice_volatilite_prix NOT BETWEEN 0 AND 5;
            , parameters: None
[2026-04-16T23:34:39.526+0000] {sql.py:562} INFO - Rows affected: 1
[2026-04-16T23:34:39.531+0000] {sql.py:553} INFO - Running statement: 
            INSERT INTO daily_data_quality_results (run_id, check_name, severity, status, failed_rows, details)
            VALUES (%s, %s, %s, %s, %s, %s);
            , parameters: ('20260416T233439Z', 'market_indices_out_of_range', 'warning', 'PASS', 0, 'Indices marche hors bornes')
[2026-04-16T23:34:39.533+0000] {sql.py:562} INFO - Rows affected: 1
[2026-04-16T23:34:39.539+0000] {sql.py:553} INFO - Running statement: 
                SELECT COUNT(*)
                FROM daily_market_prices
                WHERE prix_kg_fcfa IS NOT NULL
                  AND prix_tonne_fcfa IS NOT NULL
                  AND ABS(prix_tonne_fcfa - (prix_kg_fcfa * 1000)) > 5000;
            , parameters: None
[2026-04-16T23:34:39.543+0000] {sql.py:562} INFO - Rows affected: 1
[2026-04-16T23:34:39.549+0000] {sql.py:553} INFO - Running statement: 
            INSERT INTO daily_data_quality_results (run_id, check_name, severity, status, failed_rows, details)
            VALUES (%s, %s, %s, %s, %s, %s);
            , parameters: ('20260416T233439Z', 'price_kg_tonne_inconsistency', 'warning', 'FAIL', 827, 'Incoherence entre prix_kg et prix_tonne')
[2026-04-16T23:34:39.551+0000] {sql.py:562} INFO - Rows affected: 1
[2026-04-16T23:34:39.556+0000] {sql.py:553} INFO - Running statement: 
                SELECT COUNT(*)
                FROM daily_farm_performance f
                LEFT JOIN daily_market_prices m
                  ON f.region = m.region
                 AND f.culture = m.culture
                 AND f.date_obs = m.date_prix
                WHERE f.date_obs = CURRENT_DATE - INTERVAL '1 day'
                  AND m.id IS NULL;
            , parameters: None
[2026-04-16T23:34:39.561+0000] {sql.py:562} INFO - Rows affected: 1
[2026-04-16T23:34:39.566+0000] {sql.py:553} INFO - Running statement: 
            INSERT INTO daily_data_quality_results (run_id, check_name, severity, status, failed_rows, details)
            VALUES (%s, %s, %s, %s, %s, %s);
            , parameters: ('20260416T233439Z', 'farm_market_join_coverage_yesterday', 'warning', 'PASS', 0, 'Lignes farm non jointes au marche (J-1)')
[2026-04-16T23:34:39.569+0000] {sql.py:562} INFO - Rows affected: 1
[2026-04-16T23:34:39.572+0000] {python.py:240} INFO - Done. Returned value was: None
[2026-04-16T23:34:39.580+0000] {taskinstance.py:340} INFO - ::group::Post task execution logs
[2026-04-16T23:34:39.582+0000] {taskinstance.py:352} INFO - Marking task as SUCCESS. dag_id=daily_***_data_quality, task_id=run_quality_gate, run_id=manual__2026-04-16T23:34:36.609569+00:00, execution_date=20260416T233436, start_date=20260416T233439, end_date=20260416T233439
[2026-04-16T23:34:39.611+0000] {local_task_job_runner.py:266} INFO - Task exited with return code 0
[2026-04-16T23:34:39.629+0000] {taskinstance.py:3895} INFO - 0 downstream tasks scheduled from follow-on schedule check
[2026-04-16T23:34:39.634+0000] {local_task_job_runner.py:245} INFO - ::endgroup::
