[2026-04-16T23:34:37.872+0000] {local_task_job_runner.py:123} INFO - ::group::Pre task execution logs
[2026-04-16T23:34:37.885+0000] {taskinstance.py:2613} INFO - Dependencies all met for dep_context=non-requeueable deps ti=<TaskInstance: daily_agro_data_quality.init_quality_table manual__2026-04-16T23:34:36.609569+00:00 [queued]>
[2026-04-16T23:34:37.894+0000] {taskinstance.py:2613} INFO - Dependencies all met for dep_context=requeueable deps ti=<TaskInstance: daily_agro_data_quality.init_quality_table manual__2026-04-16T23:34:36.609569+00:00 [queued]>
[2026-04-16T23:34:37.896+0000] {taskinstance.py:2866} INFO - Starting attempt 1 of 2
[2026-04-16T23:34:37.908+0000] {taskinstance.py:2889} INFO - Executing <Task(PythonOperator): init_quality_table> on 2026-04-16 23:34:36.609569+00:00
[2026-04-16T23:34:37.912+0000] {standard_task_runner.py:72} INFO - Started process 467 to run task
[2026-04-16T23:34:37.916+0000] {standard_task_runner.py:104} INFO - Running: ['airflow', 'tasks', 'run', 'daily_***_data_quality', 'init_quality_table', 'manual__2026-04-16T23:34:36.609569+00:00', '--job-id', '16', '--raw', '--subdir', 'DAGS_FOLDER/daily_***_data_quality.py', '--cfg-path', '/tmp/tmp8qpmsuvm']
[2026-04-16T23:34:37.919+0000] {standard_task_runner.py:105} INFO - Job 16: Subtask init_quality_table
[2026-04-16T23:34:37.962+0000] {task_command.py:467} INFO - Running <TaskInstance: daily_agro_data_quality.init_quality_table manual__2026-04-16T23:34:36.609569+00:00 [running]> on host 6c89bbd468c7
[2026-04-16T23:34:38.022+0000] {taskinstance.py:3132} INFO - Exporting env vars: AIRFLOW_CTX_DAG_OWNER='data-engineering' AIRFLOW_CTX_DAG_ID='daily_***_data_quality' AIRFLOW_CTX_TASK_ID='init_quality_table' AIRFLOW_CTX_EXECUTION_DATE='2026-04-16T23:34:36.609569+00:00' AIRFLOW_CTX_TRY_NUMBER='1' AIRFLOW_CTX_DAG_RUN_ID='manual__2026-04-16T23:34:36.609569+00:00'
[2026-04-16T23:34:38.029+0000] {taskinstance.py:731} INFO - ::endgroup::
[2026-04-16T23:34:38.039+0000] {crypto.py:82} WARNING - empty cryptography key - values will not be stored encrypted.
[2026-04-16T23:34:38.042+0000] {base.py:84} INFO - Retrieving connection '***_postgres'
[2026-04-16T23:34:38.051+0000] {sql.py:553} INFO - Running statement: 
        CREATE TABLE IF NOT EXISTS daily_data_quality_results (
            id SERIAL PRIMARY KEY,
            run_id VARCHAR(64) NOT NULL,
            check_name VARCHAR(200) NOT NULL,
            severity VARCHAR(20) NOT NULL,
            status VARCHAR(20) NOT NULL,
            failed_rows INT NOT NULL,
            details TEXT,
            created_at TIMESTAMP DEFAULT CURRENT_TIMESTAMP
        );
        , parameters: None
[2026-04-16T23:34:38.054+0000] {python.py:240} INFO - Done. Returned value was: None
[2026-04-16T23:34:38.073+0000] {taskinstance.py:340} INFO - ::group::Post task execution logs
[2026-04-16T23:34:38.077+0000] {taskinstance.py:352} INFO - Marking task as SUCCESS. dag_id=daily_***_data_quality, task_id=init_quality_table, run_id=manual__2026-04-16T23:34:36.609569+00:00, execution_date=20260416T233436, start_date=20260416T233437, end_date=20260416T233438
[2026-04-16T23:34:38.131+0000] {local_task_job_runner.py:266} INFO - Task exited with return code 0
[2026-04-16T23:34:38.163+0000] {taskinstance.py:3895} INFO - 1 downstream tasks scheduled from follow-on schedule check
[2026-04-16T23:34:38.169+0000] {local_task_job_runner.py:245} INFO - ::endgroup::
